<?xml version="1.0" encoding="UTF-8"?>
<robot generator="Robot 7.4.2 (Python 3.10.12 on linux)" generated="2026-03-12T13:59:52.309512" rpa="false" schemaversion="5">
<suite id="s1" name="Test" source="/home/citco/Documents/qa/robotframework_staana/Tests/tests/test.robot">
<kw name="Suite Init" type="SETUP">
<kw name="Launch Browser" owner="app">
<kw name="Open Browser" owner="SeleniumLibrary">
<msg time="2026-03-12T13:59:52.670542" level="INFO">Opening browser 'chrome' to base url 'https://marmelab.com/react-admin-demo/'.</msg>
<arg>${url}</arg>
<arg>chrome</arg>
<arg>options=add_argument("--start-maximized")</arg>
<doc>Opens a new browser instance to the optional ``url``.</doc>
<status status="PASS" start="2026-03-12T13:59:52.669964" elapsed="2.041696"/>
</kw>
<kw name="Wait Until Element Is Visible" owner="SeleniumLibrary">
<arg>//input[@name="username"]</arg>
<doc>Waits until the element ``locator`` is visible.</doc>
<status status="PASS" start="2026-03-12T13:59:54.712277" elapsed="0.542644"/>
</kw>
<status status="PASS" start="2026-03-12T13:59:52.668620" elapsed="2.586728"/>
</kw>
<kw name="Login" owner="app">
<kw name="Input Text" owner="SeleniumLibrary">
<msg time="2026-03-12T13:59:55.258473" level="INFO">Typing text 'demo' into text field '//input[@name="username"]'.</msg>
<arg>${login_txt_username}</arg>
<arg>${username}</arg>
<doc>Types the given ``text`` into the text field identified by ``locator``.</doc>
<status status="PASS" start="2026-03-12T13:59:55.257353" elapsed="0.165698"/>
</kw>
<kw name="Input Text" owner="SeleniumLibrary">
<msg time="2026-03-12T13:59:55.424773" level="INFO">Typing text '24chicken' into text field '//input[@name="password"]'.</msg>
<arg>${login_txt_password}</arg>
<arg>${password}</arg>
<doc>Types the given ``text`` into the text field identified by ``locator``.</doc>
<status status="PASS" start="2026-03-12T13:59:55.423699" elapsed="0.161159"/>
</kw>
<kw name="Click Button" owner="SeleniumLibrary">
<msg time="2026-03-12T13:59:55.586199" level="INFO">Clicking button '//button[@type="submit"]'.</msg>
<arg>${login_btn_submit}</arg>
<doc>Clicks the button identified by ``locator``.</doc>
<status status="PASS" start="2026-03-12T13:59:55.585438" elapsed="0.192712"/>
</kw>
<kw name="Wait Until Element Is Visible" owner="SeleniumLibrary">
<arg>//div[@id="main-content"]</arg>
<doc>Waits until the element ``locator`` is visible.</doc>
<status status="PASS" start="2026-03-12T13:59:55.778803" elapsed="0.289968"/>
</kw>
<status status="PASS" start="2026-03-12T13:59:55.256108" elapsed="0.812996"/>
</kw>
<kw name="Get Users" owner="CommonLibrary">
<msg time="2026-03-12T13:59:57.411987" level="INFO">/home/citco/Documents/qa/robotenv/lib/python3.10/site-packages/urllib3/connectionpool.py:1097: InsecureRequestWarning: Unverified HTTPS request is being made to host 'jsonplaceholder.typicode.com'. Adding certificate verification is strongly advised. See: https://urllib3.readthedocs.io/en/latest/advanced-usage.html#tls-warnings
  warnings.warn(</msg>
<msg time="2026-03-12T13:59:57.413343" level="INFO">${users} = [{'id': 1, 'username': 'Bret', 'email': 'Sincere@april.biz', 'address': {'street': 'Kulas Light', 'suite': 'Apt. 556', 'city': 'Gwenborough', 'zipcode': '92998-3874', 'geo': {'lat': '-37.3159', 'lng':...</msg>
<var>${users}</var>
<status status="PASS" start="2026-03-12T13:59:56.069470" elapsed="1.344025"/>
</kw>
<kw name="Set Suite Variable" owner="BuiltIn">
<msg time="2026-03-12T13:59:57.417159" level="INFO">${USERS} = [{'id': 1, 'username': 'Bret', 'email': 'Sincere@april.biz', 'address': {'street': 'Kulas Light', 'suite': 'Apt. 556', 'city': 'Gwenborough', 'zipcode': '92998-3874', 'geo': {'lat': '-37.3159', 'lng':...</msg>
<arg>${USERS}</arg>
<arg>${users}</arg>
<doc>Makes a variable available everywhere within the scope of the current suite.</doc>
<status status="PASS" start="2026-03-12T13:59:57.414031" elapsed="0.003384"/>
</kw>
<status status="PASS" start="2026-03-12T13:59:52.667837" elapsed="4.749913"/>
</kw>
<test id="s1-t1" name="TEST-4" line="42">
<kw name="Navigate" owner="app">
<kw name="Click Element" owner="SeleniumLibrary">
<msg time="2026-03-12T13:59:57.422333" level="INFO">Clicking element '//a[descendant::p[text()="Orders"]]'.</msg>
<arg>//a[descendant::p[text()="Orders"]]</arg>
<doc>Click the element identified by ``locator``.</doc>
<status status="PASS" start="2026-03-12T13:59:57.421528" elapsed="0.472524"/>
</kw>
<kw name="Set Variable" owner="BuiltIn">
<msg time="2026-03-12T13:59:57.896120" level="INFO">${sub_menu_loc} = //a[descendant::p[text()="Customers"]]</msg>
<var>${sub_menu_loc}</var>
<arg>//a[descendant::p[text()="${sub_menu}"]]</arg>
<doc>Returns the given values which can then be assigned to a variables.</doc>
<status status="PASS" start="2026-03-12T13:59:57.894623" elapsed="0.001630"/>
</kw>
<kw name="Run Keyword And Return Status" owner="BuiltIn">
<kw name="Element Should Be Visible" owner="SeleniumLibrary">
<msg time="2026-03-12T13:59:58.127515" level="INFO">Element '//a[descendant::p[text()="Customers"]]' is displayed.</msg>
<arg>${sub_menu_loc}</arg>
<doc>Verifies that the element identified by ``locator`` is visible.</doc>
<status status="PASS" start="2026-03-12T13:59:57.897957" elapsed="0.229889"/>
</kw>
<msg time="2026-03-12T13:59:58.128231" level="INFO">${status} = True</msg>
<var>${status}</var>
<arg>Element Should Be Visible</arg>
<arg>${sub_menu_loc}</arg>
<doc>Runs the specified keyword and returns the status as a Boolean value.</doc>
<status status="PASS" start="2026-03-12T13:59:57.896769" elapsed="0.231515"/>
</kw>
<if>
<branch type="IF" condition="not ${status}">
<kw name="Get Parent Menu" owner="app">
<var>${parent_menu}</var>
<arg>${sub_menu}</arg>
<status status="NOT RUN" start="2026-03-12T13:59:58.129284" elapsed="0.000076"/>
</kw>
<kw name="Click Element" owner="SeleniumLibrary">
<arg>${parent_menu}</arg>
<doc>Click the element identified by ``locator``.</doc>
<status status="NOT RUN" start="2026-03-12T13:59:58.129607" elapsed="0.000053"/>
</kw>
<kw name="Wait Until Element Is Visible" owner="SeleniumLibrary">
<arg>${sub_menu_loc}</arg>
<doc>Waits until the element ``locator`` is visible.</doc>
<status status="NOT RUN" start="2026-03-12T13:59:58.129843" elapsed="0.000050"/>
</kw>
<status status="NOT RUN" start="2026-03-12T13:59:58.128542" elapsed="0.001421"/>
</branch>
<status status="PASS" start="2026-03-12T13:59:58.128463" elapsed="0.001575"/>
</if>
<kw name="Click Element" owner="SeleniumLibrary">
<msg time="2026-03-12T13:59:58.130749" level="INFO">Clicking element '//a[descendant::p[text()="Customers"]]'.</msg>
<arg>${sub_menu_loc}</arg>
<doc>Click the element identified by ``locator``.</doc>
<status status="PASS" start="2026-03-12T13:59:58.130191" elapsed="0.117002"/>
</kw>
<kw name="Wait Until Element Is Visible" owner="SeleniumLibrary">
<arg>//h6[//span[text()="${sub_menu}"]]</arg>
<doc>Waits until the element ``locator`` is visible.</doc>
<status status="PASS" start="2026-03-12T13:59:58.247894" elapsed="0.279508"/>
</kw>
<kw name="Run Keyword If" owner="BuiltIn">
<kw name="Sleep" owner="BuiltIn">
<msg time="2026-03-12T14:00:00.529902" level="INFO">Slept 2 seconds.</msg>
<arg>2s</arg>
<doc>Pauses the test executed for the given time.</doc>
<status status="PASS" start="2026-03-12T13:59:58.529121" elapsed="2.001153"/>
</kw>
<arg>"${sub_menu}"=="Customers"</arg>
<arg>Sleep</arg>
<arg>2s</arg>
<doc>Runs the given keyword with the given arguments, if ``condition`` is true.</doc>
<status status="PASS" start="2026-03-12T13:59:58.528019" elapsed="2.002524"/>
</kw>
<arg>Customers</arg>
<status status="PASS" start="2026-03-12T13:59:57.420023" elapsed="3.110761"/>
</kw>
<kw name="Log To Console" owner="BuiltIn">
<arg>\n</arg>
<doc>Logs the given message to the console.</doc>
<status status="PASS" start="2026-03-12T14:00:00.531364" elapsed="0.000919"/>
</kw>
<for flavor="IN RANGE">
<iter>
<kw name="Display Users With Spending" owner="customers">
<kw name="Get Text" owner="SeleniumLibrary">
<msg time="2026-03-12T14:00:00.598402" level="INFO">${total_spent} = $0.00</msg>
<var>${total_spent}</var>
<arg>((//tbody//tr)[${i+1}]//td)[5]</arg>
<doc>Returns the text value of the element identified by ``locator``.</doc>
<status status="PASS" start="2026-03-12T14:00:00.534456" elapsed="0.064137"/>
</kw>
<if>
<branch type="IF" condition="'${total_spent}' != '$0.00'">
<kw name="Get Text" owner="SeleniumLibrary">
<var>${name}</var>
<arg>((//tbody//tr)[${i+1}]//td)[2]</arg>
<doc>Returns the text value of the element identified by ``locator``.</doc>
<status status="NOT RUN" start="2026-03-12T14:00:00.600587" elapsed="0.000155"/>
</kw>
<kw name="Clean Text" owner="customers">
<var>${name}</var>
<arg>${name}</arg>
<status status="NOT RUN" start="2026-03-12T14:00:00.601425" elapsed="0.000091"/>
</kw>
<kw name="Evaluate" owner="BuiltIn">
<var>${new_user_spending_no}</var>
<arg>${user_spending_no}+${1}</arg>
<doc>Evaluates the given expression in Python and returns the result.</doc>
<status status="NOT RUN" start="2026-03-12T14:00:00.601788" elapsed="0.000056"/>
</kw>
<kw name="Set Global Variable" owner="BuiltIn">
<arg>${user_spending_no}</arg>
<arg>${new_user_spending_no}</arg>
<doc>Makes a variable available globally in all tests and suites.</doc>
<status status="NOT RUN" start="2026-03-12T14:00:00.602129" elapsed="0.000055"/>
</kw>
<kw name="Log To Console" owner="BuiltIn">
<arg>${user_spending_no}. ${name}: ${total_spent}</arg>
<doc>Logs the given message to the console.</doc>
<status status="NOT RUN" start="2026-03-12T14:00:00.602369" elapsed="0.000051"/>
</kw>
<kw name="Clean Total Text" owner="customers">
<var>${total_spent}</var>
<arg>${total_spent}</arg>
<status status="NOT RUN" start="2026-03-12T14:00:00.602879" elapsed="0.000076"/>
</kw>
<kw name="Calculate Total Spending" owner="customers">
<arg>${total_spent}</arg>
<status status="NOT RUN" start="2026-03-12T14:00:00.603329" elapsed="0.000089"/>
</kw>
<status status="NOT RUN" start="2026-03-12T14:00:00.599582" elapsed="0.003973"/>
</branch>
<status status="PASS" start="2026-03-12T14:00:00.599423" elapsed="0.004245"/>
</if>
<arg>${i}</arg>
<status status="PASS" start="2026-03-12T14:00:00.533716" elapsed="0.070175"/>
</kw>
<var name="${i}">0</var>
<status status="PASS" start="2026-03-12T14:00:00.532965" elapsed="0.071025"/>
</iter>
<iter>
<kw name="Display Users With Spending" owner="customers">
<kw name="Get Text" owner="SeleniumLibrary">
<msg time="2026-03-12T14:00:00.651909" level="INFO">${total_spent} = $0.00</msg>
<var>${total_spent}</var>
<arg>((//tbody//tr)[${i+1}]//td)[5]</arg>
<doc>Returns the text value of the element identified by ``locator``.</doc>
<status status="PASS" start="2026-03-12T14:00:00.607628" elapsed="0.044417"/>
</kw>
<if>
<branch type="IF" condition="'${total_spent}' != '$0.00'">
<kw name="Get Text" owner="SeleniumLibrary">
<var>${name}</var>
<arg>((//tbody//tr)[${i+1}]//td)[2]</arg>
<doc>Returns the text value of the element identified by ``locator``.</doc>
<status status="NOT RUN" start="2026-03-12T14:00:00.653085" elapsed="0.000076"/>
</kw>
<kw name="Clean Text" owner="customers">
<var>${name}</var>
<arg>${name}</arg>
<status status="NOT RUN" start="2026-03-12T14:00:00.653636" elapsed="0.000071"/>
</kw>
<kw name="Evaluate" owner="BuiltIn">
<var>${new_user_spending_no}</var>
<arg>${user_spending_no}+${1}</arg>
<doc>Evaluates the given expression in Python and returns the result.</doc>
<status status="NOT RUN" start="2026-03-12T14:00:00.653942" elapsed="0.000054"/>
</kw>
<kw name="Set Global Variable" owner="BuiltIn">
<arg>${user_spending_no}</arg>
<arg>${new_user_spending_no}</arg>
<doc>Makes a variable available globally in all tests and suites.</doc>
<status status="NOT RUN" start="2026-03-12T14:00:00.654191" elapsed="0.000168"/>
</kw>
<kw name="Log To Console" owner="BuiltIn">
<arg>${user_spending_no}. ${name}: ${total_spent}</arg>
<doc>Logs the given message to the console.</doc>
<status status="NOT RUN" start="2026-03-12T14:00:00.654880" elapsed="0.000075"/>
</kw>
<kw name="Clean Total Text" owner="customers">
<var>${total_spent}</var>
<arg>${total_spent}</arg>
<status status="NOT RUN" start="2026-03-12T14:00:00.655351" elapsed="0.000080"/>
</kw>
<kw name="Calculate Total Spending" owner="customers">
<arg>${total_spent}</arg>
<status status="NOT RUN" start="2026-03-12T14:00:00.655916" elapsed="0.000303"/>
</kw>
<status status="NOT RUN" start="2026-03-12T14:00:00.652372" elapsed="0.003956"/>
</branch>
<status status="PASS" start="2026-03-12T14:00:00.652297" elapsed="0.004123"/>
</if>
<arg>${i}</arg>
<status status="PASS" start="2026-03-12T14:00:00.605881" elapsed="0.050719"/>
</kw>
<var name="${i}">1</var>
<status status="PASS" start="2026-03-12T14:00:00.604553" elapsed="0.052132"/>
</iter>
<iter>
<kw name="Display Users With Spending" owner="customers">
<kw name="Get Text" owner="SeleniumLibrary">
<msg time="2026-03-12T14:00:00.698967" level="INFO">${total_spent} = $750.11</msg>
<var>${total_spent}</var>
<arg>((//tbody//tr)[${i+1}]//td)[5]</arg>
<doc>Returns the text value of the element identified by ``locator``.</doc>
<status status="PASS" start="2026-03-12T14:00:00.658353" elapsed="0.040749"/>
</kw>
<if>
<branch type="IF" condition="'${total_spent}' != '$0.00'">
<kw name="Get Text" owner="SeleniumLibrary">
<msg time="2026-03-12T14:00:00.738977" level="INFO">${name} = Chelsea Boehm</msg>
<var>${name}</var>
<arg>((//tbody//tr)[${i+1}]//td)[2]</arg>
<doc>Returns the text value of the element identified by ``locator``.</doc>
<status status="PASS" start="2026-03-12T14:00:00.700115" elapsed="0.038991"/>
</kw>
<kw name="Clean Text" owner="customers">
<if>
<branch type="IF" condition="&quot;\\n&quot; in &quot;&quot;&quot;${text}&quot;&quot;&quot;">
<kw name="Evaluate" owner="BuiltIn">
<var>${text}</var>
<arg>"""${text}""".replace("\\n","")[1:]</arg>
<doc>Evaluates the given expression in Python and returns the result.</doc>
<status status="NOT RUN" start="2026-03-12T14:00:00.741231" elapsed="0.000086"/>
</kw>
<status status="NOT RUN" start="2026-03-12T14:00:00.740700" elapsed="0.000749"/>
</branch>
<status status="PASS" start="2026-03-12T14:00:00.740636" elapsed="0.000898"/>
</if>
<kw name="Return From Keyword" owner="BuiltIn">
<msg time="2026-03-12T14:00:00.742585" level="INFO">Returning from the enclosing user keyword.</msg>
<arg>${text}</arg>
<doc>Returns from the enclosing user keyword.</doc>
<status status="PASS" start="2026-03-12T14:00:00.741813" elapsed="0.000986"/>
</kw>
<msg time="2026-03-12T14:00:00.743323" level="INFO">${name} = Chelsea Boehm</msg>
<var>${name}</var>
<arg>${name}</arg>
<status status="PASS" start="2026-03-12T14:00:00.739875" elapsed="0.003510"/>
</kw>
<kw name="Evaluate" owner="BuiltIn">
<msg time="2026-03-12T14:00:00.745721" level="INFO">${new_user_spending_no} = 1</msg>
<var>${new_user_spending_no}</var>
<arg>${user_spending_no}+${1}</arg>
<doc>Evaluates the given expression in Python and returns the result.</doc>
<status status="PASS" start="2026-03-12T14:00:00.743797" elapsed="0.002066"/>
</kw>
<kw name="Set Global Variable" owner="BuiltIn">
<msg time="2026-03-12T14:00:00.747787" level="INFO">${user_spending_no} = 1</msg>
<arg>${user_spending_no}</arg>
<arg>${new_user_spending_no}</arg>
<doc>Makes a variable available globally in all tests and suites.</doc>
<status status="PASS" start="2026-03-12T14:00:00.746455" elapsed="0.001537"/>
</kw>
<kw name="Log To Console" owner="BuiltIn">
<arg>${user_spending_no}. ${name}: ${total_spent}</arg>
<doc>Logs the given message to the console.</doc>
<status status="PASS" start="2026-03-12T14:00:00.748507" elapsed="0.002447"/>
</kw>
<kw name="Clean Total Text" owner="customers">
<kw name="Evaluate" owner="BuiltIn">
<msg time="2026-03-12T14:00:00.759271" level="INFO">${text} = 750.11</msg>
<var>${text}</var>
<arg>"""${text}""".replace("$","")[0:]</arg>
<doc>Evaluates the given expression in Python and returns the result.</doc>
<status status="PASS" start="2026-03-12T14:00:00.755206" elapsed="0.004196"/>
</kw>
<kw name="Evaluate" owner="BuiltIn">
<msg time="2026-03-12T14:00:00.761207" level="INFO">${text} = 750.11</msg>
<var>${text}</var>
<arg>"""${text}""".replace(",","")[0:]</arg>
<doc>Evaluates the given expression in Python and returns the result.</doc>
<status status="PASS" start="2026-03-12T14:00:00.759892" elapsed="0.001455"/>
</kw>
<kw name="Evaluate" owner="BuiltIn">
<msg time="2026-03-12T14:00:00.764400" level="INFO">${text} = 750.11</msg>
<var>${text}</var>
<arg>"""${text}""".replace(" ","")[0:]</arg>
<doc>Evaluates the given expression in Python and returns the result.</doc>
<status status="PASS" start="2026-03-12T14:00:00.762639" elapsed="0.001909"/>
</kw>
<kw name="Return From Keyword" owner="BuiltIn">
<msg time="2026-03-12T14:00:00.766335" level="INFO">Returning from the enclosing user keyword.</msg>
<arg>${text}</arg>
<doc>Returns from the enclosing user keyword.</doc>
<status status="PASS" start="2026-03-12T14:00:00.765099" elapsed="0.001496"/>
</kw>
<msg time="2026-03-12T14:00:00.767148" level="INFO">${total_spent} = 750.11</msg>
<var>${total_spent}</var>
<arg>${total_spent}</arg>
<status status="PASS" start="2026-03-12T14:00:00.751724" elapsed="0.015487"/>
</kw>
<kw name="Calculate Total Spending" owner="customers">
<kw name="Evaluate" owner="BuiltIn">
<msg time="2026-03-12T14:00:00.769974" level="INFO">${new_total} = 750.11</msg>
<var>${new_total}</var>
<arg>${total_spent}+${total_customer_spending}</arg>
<doc>Evaluates the given expression in Python and returns the result.</doc>
<status status="PASS" start="2026-03-12T14:00:00.768633" elapsed="0.001466"/>
</kw>
<kw name="Set Global Variable" owner="BuiltIn">
<msg time="2026-03-12T14:00:00.772753" level="INFO">${total_customer_spending} = 750.11</msg>
<arg>${total_customer_spending}</arg>
<arg>${new_total}</arg>
<doc>Makes a variable available globally in all tests and suites.</doc>
<status status="PASS" start="2026-03-12T14:00:00.770699" elapsed="0.002309"/>
</kw>
<arg>${total_spent}</arg>
<status status="PASS" start="2026-03-12T14:00:00.767749" elapsed="0.005629"/>
</kw>
<status status="PASS" start="2026-03-12T14:00:00.699424" elapsed="0.074050"/>
</branch>
<status status="PASS" start="2026-03-12T14:00:00.699352" elapsed="0.074222"/>
</if>
<arg>${i}</arg>
<status status="PASS" start="2026-03-12T14:00:00.657511" elapsed="0.116168"/>
</kw>
<var name="${i}">2</var>
<status status="PASS" start="2026-03-12T14:00:00.656997" elapsed="0.116770"/>
</iter>
<iter>
<kw name="Display Users With Spending" owner="customers">
<kw name="Get Text" owner="SeleniumLibrary">
<msg time="2026-03-12T14:00:00.812461" level="INFO">${total_spent} = $0.00</msg>
<var>${total_spent}</var>
<arg>((//tbody//tr)[${i+1}]//td)[5]</arg>
<doc>Returns the text value of the element identified by ``locator``.</doc>
<status status="PASS" start="2026-03-12T14:00:00.775804" elapsed="0.036790"/>
</kw>
<if>
<branch type="IF" condition="'${total_spent}' != '$0.00'">
<kw name="Get Text" owner="SeleniumLibrary">
<var>${name}</var>
<arg>((//tbody//tr)[${i+1}]//td)[2]</arg>
<doc>Returns the text value of the element identified by ``locator``.</doc>
<status status="NOT RUN" start="2026-03-12T14:00:00.813566" elapsed="0.000068"/>
</kw>
<kw name="Clean Text" owner="customers">
<var>${name}</var>
<arg>${name}</arg>
<status status="NOT RUN" start="2026-03-12T14:00:00.814064" elapsed="0.000070"/>
</kw>
<kw name="Evaluate" owner="BuiltIn">
<var>${new_user_spending_no}</var>
<arg>${user_spending_no}+${1}</arg>
<doc>Evaluates the given expression in Python and returns the result.</doc>
<status status="NOT RUN" start="2026-03-12T14:00:00.814361" elapsed="0.000054"/>
</kw>
<kw name="Set Global Variable" owner="BuiltIn">
<arg>${user_spending_no}</arg>
<arg>${new_user_spending_no}</arg>
<doc>Makes a variable available globally in all tests and suites.</doc>
<status status="NOT RUN" start="2026-03-12T14:00:00.814784" elapsed="0.000090"/>
</kw>
<kw name="Log To Console" owner="BuiltIn">
<arg>${user_spending_no}. ${name}: ${total_spent}</arg>
<doc>Logs the given message to the console.</doc>
<status status="NOT RUN" start="2026-03-12T14:00:00.815079" elapsed="0.000050"/>
</kw>
<kw name="Clean Total Text" owner="customers">
<var>${total_spent}</var>
<arg>${total_spent}</arg>
<status status="NOT RUN" start="2026-03-12T14:00:00.815578" elapsed="0.000073"/>
</kw>
<kw name="Calculate Total Spending" owner="customers">
<arg>${total_spent}</arg>
<status status="NOT RUN" start="2026-03-12T14:00:00.815909" elapsed="0.000054"/>
</kw>
<status status="NOT RUN" start="2026-03-12T14:00:00.812927" elapsed="0.003102"/>
</branch>
<status status="PASS" start="2026-03-12T14:00:00.812849" elapsed="0.003275"/>
</if>
<arg>${i}</arg>
<status status="PASS" start="2026-03-12T14:00:00.774788" elapsed="0.041500"/>
</kw>
<var name="${i}">3</var>
<status status="PASS" start="2026-03-12T14:00:00.774128" elapsed="0.042245"/>
</iter>
<iter>
<kw name="Display Users With Spending" owner="customers">
<kw name="Get Text" owner="SeleniumLibrary">
<msg time="2026-03-12T14:00:00.845392" level="INFO">${total_spent} = $0.00</msg>
<var>${total_spent}</var>
<arg>((//tbody//tr)[${i+1}]//td)[5]</arg>
<doc>Returns the text value of the element identified by ``locator``.</doc>
<status status="PASS" start="2026-03-12T14:00:00.817658" elapsed="0.027866"/>
</kw>
<if>
<branch type="IF" condition="'${total_spent}' != '$0.00'">
<kw name="Get Text" owner="SeleniumLibrary">
<var>${name}</var>
<arg>((//tbody//tr)[${i+1}]//td)[2]</arg>
<doc>Returns the text value of the element identified by ``locator``.</doc>
<status status="NOT RUN" start="2026-03-12T14:00:00.846448" elapsed="0.000066"/>
</kw>
<kw name="Clean Text" owner="customers">
<var>${name}</var>
<arg>${name}</arg>
<status status="NOT RUN" start="2026-03-12T14:00:00.846935" elapsed="0.000065"/>
</kw>
<kw name="Evaluate" owner="BuiltIn">
<var>${new_user_spending_no}</var>
<arg>${user_spending_no}+${1}</arg>
<doc>Evaluates the given expression in Python and returns the result.</doc>
<status status="NOT RUN" start="2026-03-12T14:00:00.847224" elapsed="0.000052"/>
</kw>
<kw name="Set Global Variable" owner="BuiltIn">
<arg>${user_spending_no}</arg>
<arg>${new_user_spending_no}</arg>
<doc>Makes a variable available globally in all tests and suites.</doc>
<status status="NOT RUN" start="2026-03-12T14:00:00.847467" elapsed="0.000049"/>
</kw>
<kw name="Log To Console" owner="BuiltIn">
<arg>${user_spending_no}. ${name}: ${total_spent}</arg>
<doc>Logs the given message to the console.</doc>
<status status="NOT RUN" start="2026-03-12T14:00:00.847706" elapsed="0.000050"/>
</kw>
<kw name="Clean Total Text" owner="customers">
<var>${total_spent}</var>
<arg>${total_spent}</arg>
<status status="NOT RUN" start="2026-03-12T14:00:00.848027" elapsed="0.000055"/>
</kw>
<kw name="Calculate Total Spending" owner="customers">
<arg>${total_spent}</arg>
<status status="NOT RUN" start="2026-03-12T14:00:00.848305" elapsed="0.000053"/>
</kw>
<status status="NOT RUN" start="2026-03-12T14:00:00.845853" elapsed="0.002568"/>
</branch>
<status status="PASS" start="2026-03-12T14:00:00.845778" elapsed="0.002717"/>
</if>
<arg>${i}</arg>
<status status="PASS" start="2026-03-12T14:00:00.816990" elapsed="0.031639"/>
</kw>
<var name="${i}">4</var>
<status status="PASS" start="2026-03-12T14:00:00.816628" elapsed="0.032083"/>
</iter>
<iter>
<kw name="Display Users With Spending" owner="customers">
<kw name="Get Text" owner="SeleniumLibrary">
<msg time="2026-03-12T14:00:00.877843" level="INFO">${total_spent} = $0.00</msg>
<var>${total_spent}</var>
<arg>((//tbody//tr)[${i+1}]//td)[5]</arg>
<doc>Returns the text value of the element identified by ``locator``.</doc>
<status status="PASS" start="2026-03-12T14:00:00.849901" elapsed="0.028080"/>
</kw>
<if>
<branch type="IF" condition="'${total_spent}' != '$0.00'">
<kw name="Get Text" owner="SeleniumLibrary">
<var>${name}</var>
<arg>((//tbody//tr)[${i+1}]//td)[2]</arg>
<doc>Returns the text value of the element identified by ``locator``.</doc>
<status status="NOT RUN" start="2026-03-12T14:00:00.878917" elapsed="0.000067"/>
</kw>
<kw name="Clean Text" owner="customers">
<var>${name}</var>
<arg>${name}</arg>
<status status="NOT RUN" start="2026-03-12T14:00:00.879404" elapsed="0.000063"/>
</kw>
<kw name="Evaluate" owner="BuiltIn">
<var>${new_user_spending_no}</var>
<arg>${user_spending_no}+${1}</arg>
<doc>Evaluates the given expression in Python and returns the result.</doc>
<status status="NOT RUN" start="2026-03-12T14:00:00.879694" elapsed="0.000052"/>
</kw>
<kw name="Set Global Variable" owner="BuiltIn">
<arg>${user_spending_no}</arg>
<arg>${new_user_spending_no}</arg>
<doc>Makes a variable available globally in all tests and suites.</doc>
<status status="NOT RUN" start="2026-03-12T14:00:00.879943" elapsed="0.000184"/>
</kw>
<kw name="Log To Console" owner="BuiltIn">
<arg>${user_spending_no}. ${name}: ${total_spent}</arg>
<doc>Logs the given message to the console.</doc>
<status status="NOT RUN" start="2026-03-12T14:00:00.880311" elapsed="0.000050"/>
</kw>
<kw name="Clean Total Text" owner="customers">
<var>${total_spent}</var>
<arg>${total_spent}</arg>
<status status="NOT RUN" start="2026-03-12T14:00:00.880651" elapsed="0.000056"/>
</kw>
<kw name="Calculate Total Spending" owner="customers">
<arg>${total_spent}</arg>
<status status="NOT RUN" start="2026-03-12T14:00:00.880936" elapsed="0.000055"/>
</kw>
<status status="NOT RUN" start="2026-03-12T14:00:00.878312" elapsed="0.002746"/>
</branch>
<status status="PASS" start="2026-03-12T14:00:00.878239" elapsed="0.002898"/>
</if>
<arg>${i}</arg>
<status status="PASS" start="2026-03-12T14:00:00.849271" elapsed="0.032007"/>
</kw>
<var name="${i}">5</var>
<status status="PASS" start="2026-03-12T14:00:00.848933" elapsed="0.032427"/>
</iter>
<iter>
<kw name="Display Users With Spending" owner="customers">
<kw name="Get Text" owner="SeleniumLibrary">
<msg time="2026-03-12T14:00:00.910440" level="INFO">${total_spent} = $796.51</msg>
<var>${total_spent}</var>
<arg>((//tbody//tr)[${i+1}]//td)[5]</arg>
<doc>Returns the text value of the element identified by ``locator``.</doc>
<status status="PASS" start="2026-03-12T14:00:00.882536" elapsed="0.028040"/>
</kw>
<if>
<branch type="IF" condition="'${total_spent}' != '$0.00'">
<kw name="Get Text" owner="SeleniumLibrary">
<msg time="2026-03-12T14:00:00.940445" level="INFO">${name} = Raymond Halvorson</msg>
<var>${name}</var>
<arg>((//tbody//tr)[${i+1}]//td)[2]</arg>
<doc>Returns the text value of the element identified by ``locator``.</doc>
<status status="PASS" start="2026-03-12T14:00:00.911524" elapsed="0.029056"/>
</kw>
<kw name="Clean Text" owner="customers">
<if>
<branch type="IF" condition="&quot;\\n&quot; in &quot;&quot;&quot;${text}&quot;&quot;&quot;">
<kw name="Evaluate" owner="BuiltIn">
<var>${text}</var>
<arg>"""${text}""".replace("\\n","")[1:]</arg>
<doc>Evaluates the given expression in Python and returns the result.</doc>
<status status="NOT RUN" start="2026-03-12T14:00:00.942459" elapsed="0.000068"/>
</kw>
<status status="NOT RUN" start="2026-03-12T14:00:00.941937" elapsed="0.000702"/>
</branch>
<status status="PASS" start="2026-03-12T14:00:00.941881" elapsed="0.000830"/>
</if>
<kw name="Return From Keyword" owner="BuiltIn">
<msg time="2026-03-12T14:00:00.943458" level="INFO">Returning from the enclosing user keyword.</msg>
<arg>${text}</arg>
<doc>Returns from the enclosing user keyword.</doc>
<status status="PASS" start="2026-03-12T14:00:00.942882" elapsed="0.000754"/>
</kw>
<msg time="2026-03-12T14:00:00.943950" level="INFO">${name} = Raymond Halvorson</msg>
<var>${name}</var>
<arg>${name}</arg>
<status status="PASS" start="2026-03-12T14:00:00.941262" elapsed="0.002739"/>
</kw>
<kw name="Evaluate" owner="BuiltIn">
<msg time="2026-03-12T14:00:00.945461" level="INFO">${new_user_spending_no} = 2</msg>
<var>${new_user_spending_no}</var>
<arg>${user_spending_no}+${1}</arg>
<doc>Evaluates the given expression in Python and returns the result.</doc>
<status status="PASS" start="2026-03-12T14:00:00.944208" elapsed="0.001309"/>
</kw>
<kw name="Set Global Variable" owner="BuiltIn">
<msg time="2026-03-12T14:00:00.946444" level="INFO">${user_spending_no} = 2</msg>
<arg>${user_spending_no}</arg>
<arg>${new_user_spending_no}</arg>
<doc>Makes a variable available globally in all tests and suites.</doc>
<status status="PASS" start="2026-03-12T14:00:00.945746" elapsed="0.000785"/>
</kw>
<kw name="Log To Console" owner="BuiltIn">
<arg>${user_spending_no}. ${name}: ${total_spent}</arg>
<doc>Logs the given message to the console.</doc>
<status status="PASS" start="2026-03-12T14:00:00.946746" elapsed="0.000645"/>
</kw>
<kw name="Clean Total Text" owner="customers">
<kw name="Evaluate" owner="BuiltIn">
<msg time="2026-03-12T14:00:00.949460" level="INFO">${text} = 796.51</msg>
<var>${text}</var>
<arg>"""${text}""".replace("$","")[0:]</arg>
<doc>Evaluates the given expression in Python and returns the result.</doc>
<status status="PASS" start="2026-03-12T14:00:00.948520" elapsed="0.001011"/>
</kw>
<kw name="Evaluate" owner="BuiltIn">
<msg time="2026-03-12T14:00:00.950356" level="INFO">${text} = 796.51</msg>
<var>${text}</var>
<arg>"""${text}""".replace(",","")[0:]</arg>
<doc>Evaluates the given expression in Python and returns the result.</doc>
<status status="PASS" start="2026-03-12T14:00:00.949773" elapsed="0.000637"/>
</kw>
<kw name="Evaluate" owner="BuiltIn">
<msg time="2026-03-12T14:00:00.951207" level="INFO">${text} = 796.51</msg>
<var>${text}</var>
<arg>"""${text}""".replace(" ","")[0:]</arg>
<doc>Evaluates the given expression in Python and returns the result.</doc>
<status status="PASS" start="2026-03-12T14:00:00.950616" elapsed="0.000644"/>
</kw>
<kw name="Return From Keyword" owner="BuiltIn">
<msg time="2026-03-12T14:00:00.951877" level="INFO">Returning from the enclosing user keyword.</msg>
<arg>${text}</arg>
<doc>Returns from the enclosing user keyword.</doc>
<status status="PASS" start="2026-03-12T14:00:00.951482" elapsed="0.000522"/>
</kw>
<msg time="2026-03-12T14:00:00.952294" level="INFO">${total_spent} = 796.51</msg>
<var>${total_spent}</var>
<arg>${total_spent}</arg>
<status status="PASS" start="2026-03-12T14:00:00.947785" elapsed="0.004560"/>
</kw>
<kw name="Calculate Total Spending" owner="customers">
<kw name="Evaluate" owner="BuiltIn">
<msg time="2026-03-12T14:00:00.954262" level="INFO">${new_total} = 1546.62</msg>
<var>${new_total}</var>
<arg>${total_spent}+${total_customer_spending}</arg>
<doc>Evaluates the given expression in Python and returns the result.</doc>
<status status="PASS" start="2026-03-12T14:00:00.953227" elapsed="0.001158"/>
</kw>
<kw name="Set Global Variable" owner="BuiltIn">
<msg time="2026-03-12T14:00:00.955990" level="INFO">${total_customer_spending} = 1546.62</msg>
<arg>${total_customer_spending}</arg>
<arg>${new_total}</arg>
<doc>Makes a variable available globally in all tests and suites.</doc>
<status status="PASS" start="2026-03-12T14:00:00.954886" elapsed="0.001252"/>
</kw>
<arg>${total_spent}</arg>
<status status="PASS" start="2026-03-12T14:00:00.952671" elapsed="0.003883"/>
</kw>
<status status="PASS" start="2026-03-12T14:00:00.910912" elapsed="0.045729"/>
</branch>
<status status="PASS" start="2026-03-12T14:00:00.910836" elapsed="0.045905"/>
</if>
<arg>${i}</arg>
<status status="PASS" start="2026-03-12T14:00:00.881917" elapsed="0.074926"/>
</kw>
<var name="${i}">6</var>
<status status="PASS" start="2026-03-12T14:00:00.881586" elapsed="0.075339"/>
</iter>
<iter>
<kw name="Display Users With Spending" owner="customers">
<kw name="Get Text" owner="SeleniumLibrary">
<msg time="2026-03-12T14:00:00.990768" level="INFO">${total_spent} = $142.90</msg>
<var>${total_spent}</var>
<arg>((//tbody//tr)[${i+1}]//td)[5]</arg>
<doc>Returns the text value of the element identified by ``locator``.</doc>
<status status="PASS" start="2026-03-12T14:00:00.958549" elapsed="0.032379"/>
</kw>
<if>
<branch type="IF" condition="'${total_spent}' != '$0.00'">
<kw name="Get Text" owner="SeleniumLibrary">
<msg time="2026-03-12T14:00:01.024246" level="INFO">${name} = Dolores Orn</msg>
<var>${name}</var>
<arg>((//tbody//tr)[${i+1}]//td)[2]</arg>
<doc>Returns the text value of the element identified by ``locator``.</doc>
<status status="PASS" start="2026-03-12T14:00:00.992039" elapsed="0.032350"/>
</kw>
<kw name="Clean Text" owner="customers">
<if>
<branch type="IF" condition="&quot;\\n&quot; in &quot;&quot;&quot;${text}&quot;&quot;&quot;">
<kw name="Evaluate" owner="BuiltIn">
<var>${text}</var>
<arg>"""${text}""".replace("\\n","")[1:]</arg>
<doc>Evaluates the given expression in Python and returns the result.</doc>
<status status="NOT RUN" start="2026-03-12T14:00:01.026200" elapsed="0.000070"/>
</kw>
<status status="NOT RUN" start="2026-03-12T14:00:01.025733" elapsed="0.000768"/>
</branch>
<status status="PASS" start="2026-03-12T14:00:01.025686" elapsed="0.000899"/>
</if>
<kw name="Return From Keyword" owner="BuiltIn">
<msg time="2026-03-12T14:00:01.027432" level="INFO">Returning from the enclosing user keyword.</msg>
<arg>${text}</arg>
<doc>Returns from the enclosing user keyword.</doc>
<status status="PASS" start="2026-03-12T14:00:01.026784" elapsed="0.000818"/>
</kw>
<msg time="2026-03-12T14:00:01.028197" level="INFO">${name} = Dolores Orn</msg>
<var>${name}</var>
<arg>${name}</arg>
<status status="PASS" start="2026-03-12T14:00:01.025090" elapsed="0.003163"/>
</kw>
<kw name="Evaluate" owner="BuiltIn">
<msg time="2026-03-12T14:00:01.029840" level="INFO">${new_user_spending_no} = 3</msg>
<var>${new_user_spending_no}</var>
<arg>${user_spending_no}+${1}</arg>
<doc>Evaluates the given expression in Python and returns the result.</doc>
<status status="PASS" start="2026-03-12T14:00:01.028514" elapsed="0.001383"/>
</kw>
<kw name="Set Global Variable" owner="BuiltIn">
<msg time="2026-03-12T14:00:01.030818" level="INFO">${user_spending_no} = 3</msg>
<arg>${user_spending_no}</arg>
<arg>${new_user_spending_no}</arg>
<doc>Makes a variable available globally in all tests and suites.</doc>
<status status="PASS" start="2026-03-12T14:00:01.030148" elapsed="0.000755"/>
</kw>
<kw name="Log To Console" owner="BuiltIn">
<arg>${user_spending_no}. ${name}: ${total_spent}</arg>
<doc>Logs the given message to the console.</doc>
<status status="PASS" start="2026-03-12T14:00:01.031106" elapsed="0.000652"/>
</kw>
<kw name="Clean Total Text" owner="customers">
<kw name="Evaluate" owner="BuiltIn">
<msg time="2026-03-12T14:00:01.033953" level="INFO">${text} = 142.90</msg>
<var>${text}</var>
<arg>"""${text}""".replace("$","")[0:]</arg>
<doc>Evaluates the given expression in Python and returns the result.</doc>
<status status="PASS" start="2026-03-12T14:00:01.033029" elapsed="0.000994"/>
</kw>
<kw name="Evaluate" owner="BuiltIn">
<msg time="2026-03-12T14:00:01.034865" level="INFO">${text} = 142.90</msg>
<var>${text}</var>
<arg>"""${text}""".replace(",","")[0:]</arg>
<doc>Evaluates the given expression in Python and returns the result.</doc>
<status status="PASS" start="2026-03-12T14:00:01.034269" elapsed="0.000650"/>
</kw>
<kw name="Evaluate" owner="BuiltIn">
<msg time="2026-03-12T14:00:01.035715" level="INFO">${text} = 142.90</msg>
<var>${text}</var>
<arg>"""${text}""".replace(" ","")[0:]</arg>
<doc>Evaluates the given expression in Python and returns the result.</doc>
<status status="PASS" start="2026-03-12T14:00:01.035120" elapsed="0.000649"/>
</kw>
<kw name="Return From Keyword" owner="BuiltIn">
<msg time="2026-03-12T14:00:01.036627" level="INFO">Returning from the enclosing user keyword.</msg>
<arg>${text}</arg>
<doc>Returns from the enclosing user keyword.</doc>
<status status="PASS" start="2026-03-12T14:00:01.036205" elapsed="0.000550"/>
</kw>
<msg time="2026-03-12T14:00:01.037067" level="INFO">${total_spent} = 142.90</msg>
<var>${total_spent}</var>
<arg>${total_spent}</arg>
<status status="PASS" start="2026-03-12T14:00:01.032344" elapsed="0.004774"/>
</kw>
<kw name="Calculate Total Spending" owner="customers">
<kw name="Evaluate" owner="BuiltIn">
<msg time="2026-03-12T14:00:01.039510" level="INFO">${new_total} = 1689.52</msg>
<var>${new_total}</var>
<arg>${total_spent}+${total_customer_spending}</arg>
<doc>Evaluates the given expression in Python and returns the result.</doc>
<status status="PASS" start="2026-03-12T14:00:01.038155" elapsed="0.001518"/>
</kw>
<kw name="Set Global Variable" owner="BuiltIn">
<msg time="2026-03-12T14:00:01.041411" level="INFO">${total_customer_spending} = 1689.52</msg>
<arg>${total_customer_spending}</arg>
<arg>${new_total}</arg>
<doc>Makes a variable available globally in all tests and suites.</doc>
<status status="PASS" start="2026-03-12T14:00:01.040358" elapsed="0.001157"/>
</kw>
<arg>${total_spent}</arg>
<status status="PASS" start="2026-03-12T14:00:01.037481" elapsed="0.004205"/>
</kw>
<status status="PASS" start="2026-03-12T14:00:00.991325" elapsed="0.050442"/>
</branch>
<status status="PASS" start="2026-03-12T14:00:00.991239" elapsed="0.050623"/>
</if>
<arg>${i}</arg>
<status status="PASS" start="2026-03-12T14:00:00.957827" elapsed="0.084129"/>
</kw>
<var name="${i}">7</var>
<status status="PASS" start="2026-03-12T14:00:00.957247" elapsed="0.084793"/>
</iter>
<iter>
<kw name="Display Users With Spending" owner="customers">
<kw name="Get Text" owner="SeleniumLibrary">
<msg time="2026-03-12T14:00:01.075827" level="INFO">${total_spent} = $0.00</msg>
<var>${total_spent}</var>
<arg>((//tbody//tr)[${i+1}]//td)[5]</arg>
<doc>Returns the text value of the element identified by ``locator``.</doc>
<status status="PASS" start="2026-03-12T14:00:01.043291" elapsed="0.032672"/>
</kw>
<if>
<branch type="IF" condition="'${total_spent}' != '$0.00'">
<kw name="Get Text" owner="SeleniumLibrary">
<var>${name}</var>
<arg>((//tbody//tr)[${i+1}]//td)[2]</arg>
<doc>Returns the text value of the element identified by ``locator``.</doc>
<status status="NOT RUN" start="2026-03-12T14:00:01.076911" elapsed="0.000070"/>
</kw>
<kw name="Clean Text" owner="customers">
<var>${name}</var>
<arg>${name}</arg>
<status status="NOT RUN" start="2026-03-12T14:00:01.077469" elapsed="0.000066"/>
</kw>
<kw name="Evaluate" owner="BuiltIn">
<var>${new_user_spending_no}</var>
<arg>${user_spending_no}+${1}</arg>
<doc>Evaluates the given expression in Python and returns the result.</doc>
<status status="NOT RUN" start="2026-03-12T14:00:01.077738" elapsed="0.000051"/>
</kw>
<kw name="Set Global Variable" owner="BuiltIn">
<arg>${user_spending_no}</arg>
<arg>${new_user_spending_no}</arg>
<doc>Makes a variable available globally in all tests and suites.</doc>
<status status="NOT RUN" start="2026-03-12T14:00:01.077981" elapsed="0.000049"/>
</kw>
<kw name="Log To Console" owner="BuiltIn">
<arg>${user_spending_no}. ${name}: ${total_spent}</arg>
<doc>Logs the given message to the console.</doc>
<status status="NOT RUN" start="2026-03-12T14:00:01.078200" elapsed="0.000049"/>
</kw>
<kw name="Clean Total Text" owner="customers">
<var>${total_spent}</var>
<arg>${total_spent}</arg>
<status status="NOT RUN" start="2026-03-12T14:00:01.078506" elapsed="0.000054"/>
</kw>
<kw name="Calculate Total Spending" owner="customers">
<arg>${total_spent}</arg>
<status status="NOT RUN" start="2026-03-12T14:00:01.078794" elapsed="0.000058"/>
</kw>
<status status="NOT RUN" start="2026-03-12T14:00:01.076297" elapsed="0.002622"/>
</branch>
<status status="PASS" start="2026-03-12T14:00:01.076222" elapsed="0.002780"/>
</if>
<arg>${i}</arg>
<status status="PASS" start="2026-03-12T14:00:01.042707" elapsed="0.036444"/>
</kw>
<var name="${i}">8</var>
<status status="PASS" start="2026-03-12T14:00:01.042271" elapsed="0.036960"/>
</iter>
<iter>
<kw name="Display Users With Spending" owner="customers">
<kw name="Get Text" owner="SeleniumLibrary">
<msg time="2026-03-12T14:00:01.110837" level="INFO">${total_spent} = $0.00</msg>
<var>${total_spent}</var>
<arg>((//tbody//tr)[${i+1}]//td)[5]</arg>
<doc>Returns the text value of the element identified by ``locator``.</doc>
<status status="PASS" start="2026-03-12T14:00:01.080528" elapsed="0.030441"/>
</kw>
<if>
<branch type="IF" condition="'${total_spent}' != '$0.00'">
<kw name="Get Text" owner="SeleniumLibrary">
<var>${name}</var>
<arg>((//tbody//tr)[${i+1}]//td)[2]</arg>
<doc>Returns the text value of the element identified by ``locator``.</doc>
<status status="NOT RUN" start="2026-03-12T14:00:01.111922" elapsed="0.000068"/>
</kw>
<kw name="Clean Text" owner="customers">
<var>${name}</var>
<arg>${name}</arg>
<status status="NOT RUN" start="2026-03-12T14:00:01.112424" elapsed="0.000065"/>
</kw>
<kw name="Evaluate" owner="BuiltIn">
<var>${new_user_spending_no}</var>
<arg>${user_spending_no}+${1}</arg>
<doc>Evaluates the given expression in Python and returns the result.</doc>
<status status="NOT RUN" start="2026-03-12T14:00:01.112685" elapsed="0.000050"/>
</kw>
<kw name="Set Global Variable" owner="BuiltIn">
<arg>${user_spending_no}</arg>
<arg>${new_user_spending_no}</arg>
<doc>Makes a variable available globally in all tests and suites.</doc>
<status status="NOT RUN" start="2026-03-12T14:00:01.112930" elapsed="0.000050"/>
</kw>
<kw name="Log To Console" owner="BuiltIn">
<arg>${user_spending_no}. ${name}: ${total_spent}</arg>
<doc>Logs the given message to the console.</doc>
<status status="NOT RUN" start="2026-03-12T14:00:01.113281" elapsed="0.000051"/>
</kw>
<kw name="Clean Total Text" owner="customers">
<var>${total_spent}</var>
<arg>${total_spent}</arg>
<status status="NOT RUN" start="2026-03-12T14:00:01.113837" elapsed="0.000073"/>
</kw>
<kw name="Calculate Total Spending" owner="customers">
<arg>${total_spent}</arg>
<status status="NOT RUN" start="2026-03-12T14:00:01.114144" elapsed="0.000054"/>
</kw>
<status status="NOT RUN" start="2026-03-12T14:00:01.111297" elapsed="0.002966"/>
</branch>
<status status="PASS" start="2026-03-12T14:00:01.111226" elapsed="0.003115"/>
</if>
<arg>${i}</arg>
<status status="PASS" start="2026-03-12T14:00:01.079852" elapsed="0.034635"/>
</kw>
<var name="${i}">9</var>
<status status="PASS" start="2026-03-12T14:00:01.079468" elapsed="0.035101"/>
</iter>
<iter>
<kw name="Display Users With Spending" owner="customers">
<kw name="Get Text" owner="SeleniumLibrary">
<msg time="2026-03-12T14:00:01.144313" level="INFO">${total_spent} = $57.30</msg>
<var>${total_spent}</var>
<arg>((//tbody//tr)[${i+1}]//td)[5]</arg>
<doc>Returns the text value of the element identified by ``locator``.</doc>
<status status="PASS" start="2026-03-12T14:00:01.115869" elapsed="0.028581"/>
</kw>
<if>
<branch type="IF" condition="'${total_spent}' != '$0.00'">
<kw name="Get Text" owner="SeleniumLibrary">
<msg time="2026-03-12T14:00:01.176571" level="INFO">${name} = Linda Hane</msg>
<var>${name}</var>
<arg>((//tbody//tr)[${i+1}]//td)[2]</arg>
<doc>Returns the text value of the element identified by ``locator``.</doc>
<status status="PASS" start="2026-03-12T14:00:01.145482" elapsed="0.031226"/>
</kw>
<kw name="Clean Text" owner="customers">
<if>
<branch type="IF" condition="&quot;\\n&quot; in &quot;&quot;&quot;${text}&quot;&quot;&quot;">
<kw name="Evaluate" owner="BuiltIn">
<var>${text}</var>
<arg>"""${text}""".replace("\\n","")[1:]</arg>
<doc>Evaluates the given expression in Python and returns the result.</doc>
<status status="NOT RUN" start="2026-03-12T14:00:01.178458" elapsed="0.000060"/>
</kw>
<status status="NOT RUN" start="2026-03-12T14:00:01.178037" elapsed="0.000573"/>
</branch>
<status status="PASS" start="2026-03-12T14:00:01.177989" elapsed="0.000694"/>
</if>
<kw name="Return From Keyword" owner="BuiltIn">
<msg time="2026-03-12T14:00:01.179409" level="INFO">Returning from the enclosing user keyword.</msg>
<arg>${text}</arg>
<doc>Returns from the enclosing user keyword.</doc>
<status status="PASS" start="2026-03-12T14:00:01.178857" elapsed="0.000710"/>
</kw>
<msg time="2026-03-12T14:00:01.179876" level="INFO">${name} = Linda Hane</msg>
<var>${name}</var>
<arg>${name}</arg>
<status status="PASS" start="2026-03-12T14:00:01.177396" elapsed="0.002532"/>
</kw>
<kw name="Evaluate" owner="BuiltIn">
<msg time="2026-03-12T14:00:01.181413" level="INFO">${new_user_spending_no} = 4</msg>
<var>${new_user_spending_no}</var>
<arg>${user_spending_no}+${1}</arg>
<doc>Evaluates the given expression in Python and returns the result.</doc>
<status status="PASS" start="2026-03-12T14:00:01.180147" elapsed="0.001324"/>
</kw>
<kw name="Set Global Variable" owner="BuiltIn">
<msg time="2026-03-12T14:00:01.182370" level="INFO">${user_spending_no} = 4</msg>
<arg>${user_spending_no}</arg>
<arg>${new_user_spending_no}</arg>
<doc>Makes a variable available globally in all tests and suites.</doc>
<status status="PASS" start="2026-03-12T14:00:01.181703" elapsed="0.000754"/>
</kw>
<kw name="Log To Console" owner="BuiltIn">
<arg>${user_spending_no}. ${name}: ${total_spent}</arg>
<doc>Logs the given message to the console.</doc>
<status status="PASS" start="2026-03-12T14:00:01.182686" elapsed="0.000628"/>
</kw>
<kw name="Clean Total Text" owner="customers">
<kw name="Evaluate" owner="BuiltIn">
<msg time="2026-03-12T14:00:01.185364" level="INFO">${text} = 57.30</msg>
<var>${text}</var>
<arg>"""${text}""".replace("$","")[0:]</arg>
<doc>Evaluates the given expression in Python and returns the result.</doc>
<status status="PASS" start="2026-03-12T14:00:01.184395" elapsed="0.001044"/>
</kw>
<kw name="Evaluate" owner="BuiltIn">
<msg time="2026-03-12T14:00:01.186349" level="INFO">${text} = 57.30</msg>
<var>${text}</var>
<arg>"""${text}""".replace(",","")[0:]</arg>
<doc>Evaluates the given expression in Python and returns the result.</doc>
<status status="PASS" start="2026-03-12T14:00:01.185719" elapsed="0.000684"/>
</kw>
<kw name="Evaluate" owner="BuiltIn">
<msg time="2026-03-12T14:00:01.187198" level="INFO">${text} = 57.30</msg>
<var>${text}</var>
<arg>"""${text}""".replace(" ","")[0:]</arg>
<doc>Evaluates the given expression in Python and returns the result.</doc>
<status status="PASS" start="2026-03-12T14:00:01.186611" elapsed="0.000641"/>
</kw>
<kw name="Return From Keyword" owner="BuiltIn">
<msg time="2026-03-12T14:00:01.188673" level="INFO">Returning from the enclosing user keyword.</msg>
<arg>${text}</arg>
<doc>Returns from the enclosing user keyword.</doc>
<status status="PASS" start="2026-03-12T14:00:01.187485" elapsed="0.001341"/>
</kw>
<msg time="2026-03-12T14:00:01.189204" level="INFO">${total_spent} = 57.30</msg>
<var>${total_spent}</var>
<arg>${total_spent}</arg>
<status status="PASS" start="2026-03-12T14:00:01.183700" elapsed="0.005557"/>
</kw>
<kw name="Calculate Total Spending" owner="customers">
<kw name="Evaluate" owner="BuiltIn">
<msg time="2026-03-12T14:00:01.191764" level="INFO">${new_total} = 1746.82</msg>
<var>${new_total}</var>
<arg>${total_spent}+${total_customer_spending}</arg>
<doc>Evaluates the given expression in Python and returns the result.</doc>
<status status="PASS" start="2026-03-12T14:00:01.190653" elapsed="0.001216"/>
</kw>
<kw name="Set Global Variable" owner="BuiltIn">
<msg time="2026-03-12T14:00:01.193111" level="INFO">${total_customer_spending} = 1746.82</msg>
<arg>${total_customer_spending}</arg>
<arg>${new_total}</arg>
<doc>Makes a variable available globally in all tests and suites.</doc>
<status status="PASS" start="2026-03-12T14:00:01.192273" elapsed="0.000927"/>
</kw>
<arg>${total_spent}</arg>
<status status="PASS" start="2026-03-12T14:00:01.189706" elapsed="0.003644"/>
</kw>
<status status="PASS" start="2026-03-12T14:00:01.144790" elapsed="0.048642"/>
</branch>
<status status="PASS" start="2026-03-12T14:00:01.144712" elapsed="0.048811"/>
</if>
<arg>${i}</arg>
<status status="PASS" start="2026-03-12T14:00:01.115136" elapsed="0.078498"/>
</kw>
<var name="${i}">10</var>
<status status="PASS" start="2026-03-12T14:00:01.114803" elapsed="0.078914"/>
</iter>
<iter>
<kw name="Display Users With Spending" owner="customers">
<kw name="Get Text" owner="SeleniumLibrary">
<msg time="2026-03-12T14:00:01.227810" level="INFO">${total_spent} = $0.00</msg>
<var>${total_spent}</var>
<arg>((//tbody//tr)[${i+1}]//td)[5]</arg>
<doc>Returns the text value of the element identified by ``locator``.</doc>
<status status="PASS" start="2026-03-12T14:00:01.195297" elapsed="0.032844"/>
</kw>
<if>
<branch type="IF" condition="'${total_spent}' != '$0.00'">
<kw name="Get Text" owner="SeleniumLibrary">
<var>${name}</var>
<arg>((//tbody//tr)[${i+1}]//td)[2]</arg>
<doc>Returns the text value of the element identified by ``locator``.</doc>
<status status="NOT RUN" start="2026-03-12T14:00:01.229099" elapsed="0.000066"/>
</kw>
<kw name="Clean Text" owner="customers">
<var>${name}</var>
<arg>${name}</arg>
<status status="NOT RUN" start="2026-03-12T14:00:01.229594" elapsed="0.000066"/>
</kw>
<kw name="Evaluate" owner="BuiltIn">
<var>${new_user_spending_no}</var>
<arg>${user_spending_no}+${1}</arg>
<doc>Evaluates the given expression in Python and returns the result.</doc>
<status status="NOT RUN" start="2026-03-12T14:00:01.229858" elapsed="0.000051"/>
</kw>
<kw name="Set Global Variable" owner="BuiltIn">
<arg>${user_spending_no}</arg>
<arg>${new_user_spending_no}</arg>
<doc>Makes a variable available globally in all tests and suites.</doc>
<status status="NOT RUN" start="2026-03-12T14:00:01.230101" elapsed="0.000049"/>
</kw>
<kw name="Log To Console" owner="BuiltIn">
<arg>${user_spending_no}. ${name}: ${total_spent}</arg>
<doc>Logs the given message to the console.</doc>
<status status="NOT RUN" start="2026-03-12T14:00:01.230450" elapsed="0.000050"/>
</kw>
<kw name="Clean Total Text" owner="customers">
<var>${total_spent}</var>
<arg>${total_spent}</arg>
<status status="NOT RUN" start="2026-03-12T14:00:01.230771" elapsed="0.000054"/>
</kw>
<kw name="Calculate Total Spending" owner="customers">
<arg>${total_spent}</arg>
<status status="NOT RUN" start="2026-03-12T14:00:01.231048" elapsed="0.000052"/>
</kw>
<status status="NOT RUN" start="2026-03-12T14:00:01.228481" elapsed="0.002684"/>
</branch>
<status status="PASS" start="2026-03-12T14:00:01.228406" elapsed="0.002836"/>
</if>
<arg>${i}</arg>
<status status="PASS" start="2026-03-12T14:00:01.194412" elapsed="0.036961"/>
</kw>
<var name="${i}">11</var>
<status status="PASS" start="2026-03-12T14:00:01.193947" elapsed="0.037508"/>
</iter>
<iter>
<kw name="Display Users With Spending" owner="customers">
<kw name="Get Text" owner="SeleniumLibrary">
<msg time="2026-03-12T14:00:01.263318" level="INFO">${total_spent} = $0.00</msg>
<var>${total_spent}</var>
<arg>((//tbody//tr)[${i+1}]//td)[5]</arg>
<doc>Returns the text value of the element identified by ``locator``.</doc>
<status status="PASS" start="2026-03-12T14:00:01.232960" elapsed="0.030492"/>
</kw>
<if>
<branch type="IF" condition="'${total_spent}' != '$0.00'">
<kw name="Get Text" owner="SeleniumLibrary">
<var>${name}</var>
<arg>((//tbody//tr)[${i+1}]//td)[2]</arg>
<doc>Returns the text value of the element identified by ``locator``.</doc>
<status status="NOT RUN" start="2026-03-12T14:00:01.264448" elapsed="0.000067"/>
</kw>
<kw name="Clean Text" owner="customers">
<var>${name}</var>
<arg>${name}</arg>
<status status="NOT RUN" start="2026-03-12T14:00:01.265175" elapsed="0.000075"/>
</kw>
<kw name="Evaluate" owner="BuiltIn">
<var>${new_user_spending_no}</var>
<arg>${user_spending_no}+${1}</arg>
<doc>Evaluates the given expression in Python and returns the result.</doc>
<status status="NOT RUN" start="2026-03-12T14:00:01.265451" elapsed="0.000050"/>
</kw>
<kw name="Set Global Variable" owner="BuiltIn">
<arg>${user_spending_no}</arg>
<arg>${new_user_spending_no}</arg>
<doc>Makes a variable available globally in all tests and suites.</doc>
<status status="NOT RUN" start="2026-03-12T14:00:01.265694" elapsed="0.000050"/>
</kw>
<kw name="Log To Console" owner="BuiltIn">
<arg>${user_spending_no}. ${name}: ${total_spent}</arg>
<doc>Logs the given message to the console.</doc>
<status status="NOT RUN" start="2026-03-12T14:00:01.265915" elapsed="0.000047"/>
</kw>
<kw name="Clean Total Text" owner="customers">
<var>${total_spent}</var>
<arg>${total_spent}</arg>
<status status="NOT RUN" start="2026-03-12T14:00:01.266251" elapsed="0.000054"/>
</kw>
<kw name="Calculate Total Spending" owner="customers">
<arg>${total_spent}</arg>
<status status="NOT RUN" start="2026-03-12T14:00:01.266529" elapsed="0.000052"/>
</kw>
<status status="NOT RUN" start="2026-03-12T14:00:01.263812" elapsed="0.002832"/>
</branch>
<status status="PASS" start="2026-03-12T14:00:01.263741" elapsed="0.002983"/>
</if>
<arg>${i}</arg>
<status status="PASS" start="2026-03-12T14:00:01.232284" elapsed="0.034583"/>
</kw>
<var name="${i}">12</var>
<status status="PASS" start="2026-03-12T14:00:01.231729" elapsed="0.035216"/>
</iter>
<iter>
<kw name="Display Users With Spending" owner="customers">
<kw name="Get Text" owner="SeleniumLibrary">
<msg time="2026-03-12T14:00:01.295885" level="INFO">${total_spent} = $0.00</msg>
<var>${total_spent}</var>
<arg>((//tbody//tr)[${i+1}]//td)[5]</arg>
<doc>Returns the text value of the element identified by ``locator``.</doc>
<status status="PASS" start="2026-03-12T14:00:01.268162" elapsed="0.027856"/>
</kw>
<if>
<branch type="IF" condition="'${total_spent}' != '$0.00'">
<kw name="Get Text" owner="SeleniumLibrary">
<var>${name}</var>
<arg>((//tbody//tr)[${i+1}]//td)[2]</arg>
<doc>Returns the text value of the element identified by ``locator``.</doc>
<status status="NOT RUN" start="2026-03-12T14:00:01.296958" elapsed="0.000067"/>
</kw>
<kw name="Clean Text" owner="customers">
<var>${name}</var>
<arg>${name}</arg>
<status status="NOT RUN" start="2026-03-12T14:00:01.297483" elapsed="0.000067"/>
</kw>
<kw name="Evaluate" owner="BuiltIn">
<var>${new_user_spending_no}</var>
<arg>${user_spending_no}+${1}</arg>
<doc>Evaluates the given expression in Python and returns the result.</doc>
<status status="NOT RUN" start="2026-03-12T14:00:01.297968" elapsed="0.000052"/>
</kw>
<kw name="Set Global Variable" owner="BuiltIn">
<arg>${user_spending_no}</arg>
<arg>${new_user_spending_no}</arg>
<doc>Makes a variable available globally in all tests and suites.</doc>
<status status="NOT RUN" start="2026-03-12T14:00:01.298207" elapsed="0.000047"/>
</kw>
<kw name="Log To Console" owner="BuiltIn">
<arg>${user_spending_no}. ${name}: ${total_spent}</arg>
<doc>Logs the given message to the console.</doc>
<status status="NOT RUN" start="2026-03-12T14:00:01.298419" elapsed="0.000046"/>
</kw>
<kw name="Clean Total Text" owner="customers">
<var>${total_spent}</var>
<arg>${total_spent}</arg>
<status status="NOT RUN" start="2026-03-12T14:00:01.298731" elapsed="0.000053"/>
</kw>
<kw name="Calculate Total Spending" owner="customers">
<arg>${total_spent}</arg>
<status status="NOT RUN" start="2026-03-12T14:00:01.299006" elapsed="0.000052"/>
</kw>
<status status="NOT RUN" start="2026-03-12T14:00:01.296348" elapsed="0.002775"/>
</branch>
<status status="PASS" start="2026-03-12T14:00:01.296272" elapsed="0.002925"/>
</if>
<arg>${i}</arg>
<status status="PASS" start="2026-03-12T14:00:01.267497" elapsed="0.031829"/>
</kw>
<var name="${i}">13</var>
<status status="PASS" start="2026-03-12T14:00:01.267172" elapsed="0.032235"/>
</iter>
<iter>
<kw name="Display Users With Spending" owner="customers">
<kw name="Get Text" owner="SeleniumLibrary">
<msg time="2026-03-12T14:00:01.328873" level="INFO">${total_spent} = $279.25</msg>
<var>${total_spent}</var>
<arg>((//tbody//tr)[${i+1}]//td)[5]</arg>
<doc>Returns the text value of the element identified by ``locator``.</doc>
<status status="PASS" start="2026-03-12T14:00:01.300593" elapsed="0.028414"/>
</kw>
<if>
<branch type="IF" condition="'${total_spent}' != '$0.00'">
<kw name="Get Text" owner="SeleniumLibrary">
<msg time="2026-03-12T14:00:01.359961" level="INFO">${name} = Alena Jast</msg>
<var>${name}</var>
<arg>((//tbody//tr)[${i+1}]//td)[2]</arg>
<doc>Returns the text value of the element identified by ``locator``.</doc>
<status status="PASS" start="2026-03-12T14:00:01.329931" elapsed="0.030167"/>
</kw>
<kw name="Clean Text" owner="customers">
<if>
<branch type="IF" condition="&quot;\\n&quot; in &quot;&quot;&quot;${text}&quot;&quot;&quot;">
<kw name="Evaluate" owner="BuiltIn">
<var>${text}</var>
<arg>"""${text}""".replace("\\n","")[1:]</arg>
<doc>Evaluates the given expression in Python and returns the result.</doc>
<status status="NOT RUN" start="2026-03-12T14:00:01.361828" elapsed="0.000060"/>
</kw>
<status status="NOT RUN" start="2026-03-12T14:00:01.361410" elapsed="0.000565"/>
</branch>
<status status="PASS" start="2026-03-12T14:00:01.361364" elapsed="0.000682"/>
</if>
<kw name="Return From Keyword" owner="BuiltIn">
<msg time="2026-03-12T14:00:01.362767" level="INFO">Returning from the enclosing user keyword.</msg>
<arg>${text}</arg>
<doc>Returns from the enclosing user keyword.</doc>
<status status="PASS" start="2026-03-12T14:00:01.362221" elapsed="0.000671"/>
</kw>
<msg time="2026-03-12T14:00:01.363158" level="INFO">${name} = Alena Jast</msg>
<var>${name}</var>
<arg>${name}</arg>
<status status="PASS" start="2026-03-12T14:00:01.360783" elapsed="0.002425"/>
</kw>
<kw name="Evaluate" owner="BuiltIn">
<msg time="2026-03-12T14:00:01.364975" level="INFO">${new_user_spending_no} = 5</msg>
<var>${new_user_spending_no}</var>
<arg>${user_spending_no}+${1}</arg>
<doc>Evaluates the given expression in Python and returns the result.</doc>
<status status="PASS" start="2026-03-12T14:00:01.363401" elapsed="0.001638"/>
</kw>
<kw name="Set Global Variable" owner="BuiltIn">
<msg time="2026-03-12T14:00:01.366191" level="INFO">${user_spending_no} = 5</msg>
<arg>${user_spending_no}</arg>
<arg>${new_user_spending_no}</arg>
<doc>Makes a variable available globally in all tests and suites.</doc>
<status status="PASS" start="2026-03-12T14:00:01.365428" elapsed="0.000854"/>
</kw>
<kw name="Log To Console" owner="BuiltIn">
<arg>${user_spending_no}. ${name}: ${total_spent}</arg>
<doc>Logs the given message to the console.</doc>
<status status="PASS" start="2026-03-12T14:00:01.366496" elapsed="0.000636"/>
</kw>
<kw name="Clean Total Text" owner="customers">
<kw name="Evaluate" owner="BuiltIn">
<msg time="2026-03-12T14:00:01.369260" level="INFO">${text} = 279.25</msg>
<var>${text}</var>
<arg>"""${text}""".replace("$","")[0:]</arg>
<doc>Evaluates the given expression in Python and returns the result.</doc>
<status status="PASS" start="2026-03-12T14:00:01.368252" elapsed="0.001081"/>
</kw>
<kw name="Evaluate" owner="BuiltIn">
<msg time="2026-03-12T14:00:01.370182" level="INFO">${text} = 279.25</msg>
<var>${text}</var>
<arg>"""${text}""".replace(",","")[0:]</arg>
<doc>Evaluates the given expression in Python and returns the result.</doc>
<status status="PASS" start="2026-03-12T14:00:01.369578" elapsed="0.000659"/>
</kw>
<kw name="Evaluate" owner="BuiltIn">
<msg time="2026-03-12T14:00:01.371018" level="INFO">${text} = 279.25</msg>
<var>${text}</var>
<arg>"""${text}""".replace(" ","")[0:]</arg>
<doc>Evaluates the given expression in Python and returns the result.</doc>
<status status="PASS" start="2026-03-12T14:00:01.370450" elapsed="0.000624"/>
</kw>
<kw name="Return From Keyword" owner="BuiltIn">
<msg time="2026-03-12T14:00:01.371724" level="INFO">Returning from the enclosing user keyword.</msg>
<arg>${text}</arg>
<doc>Returns from the enclosing user keyword.</doc>
<status status="PASS" start="2026-03-12T14:00:01.371302" elapsed="0.000567"/>
</kw>
<msg time="2026-03-12T14:00:01.372204" level="INFO">${total_spent} = 279.25</msg>
<var>${total_spent}</var>
<arg>${total_spent}</arg>
<status status="PASS" start="2026-03-12T14:00:01.367503" elapsed="0.004754"/>
</kw>
<kw name="Calculate Total Spending" owner="customers">
<kw name="Evaluate" owner="BuiltIn">
<msg time="2026-03-12T14:00:01.374406" level="INFO">${new_total} = 2026.07</msg>
<var>${new_total}</var>
<arg>${total_spent}+${total_customer_spending}</arg>
<doc>Evaluates the given expression in Python and returns the result.</doc>
<status status="PASS" start="2026-03-12T14:00:01.373228" elapsed="0.001291"/>
</kw>
<kw name="Set Global Variable" owner="BuiltIn">
<msg time="2026-03-12T14:00:01.376095" level="INFO">${total_customer_spending} = 2026.07</msg>
<arg>${total_customer_spending}</arg>
<arg>${new_total}</arg>
<doc>Makes a variable available globally in all tests and suites.</doc>
<status status="PASS" start="2026-03-12T14:00:01.374949" elapsed="0.001310"/>
</kw>
<arg>${total_spent}</arg>
<status status="PASS" start="2026-03-12T14:00:01.372619" elapsed="0.003888"/>
</kw>
<status status="PASS" start="2026-03-12T14:00:01.329327" elapsed="0.047265"/>
</branch>
<status status="PASS" start="2026-03-12T14:00:01.329255" elapsed="0.047432"/>
</if>
<arg>${i}</arg>
<status status="PASS" start="2026-03-12T14:00:01.299988" elapsed="0.076796"/>
</kw>
<var name="${i}">14</var>
<status status="PASS" start="2026-03-12T14:00:01.299650" elapsed="0.077217"/>
</iter>
<iter>
<kw name="Display Users With Spending" owner="customers">
<kw name="Get Text" owner="SeleniumLibrary">
<msg time="2026-03-12T14:00:01.409750" level="INFO">${total_spent} = $0.00</msg>
<var>${total_spent}</var>
<arg>((//tbody//tr)[${i+1}]//td)[5]</arg>
<doc>Returns the text value of the element identified by ``locator``.</doc>
<status status="PASS" start="2026-03-12T14:00:01.378317" elapsed="0.031570"/>
</kw>
<if>
<branch type="IF" condition="'${total_spent}' != '$0.00'">
<kw name="Get Text" owner="SeleniumLibrary">
<var>${name}</var>
<arg>((//tbody//tr)[${i+1}]//td)[2]</arg>
<doc>Returns the text value of the element identified by ``locator``.</doc>
<status status="NOT RUN" start="2026-03-12T14:00:01.410823" elapsed="0.000066"/>
</kw>
<kw name="Clean Text" owner="customers">
<var>${name}</var>
<arg>${name}</arg>
<status status="NOT RUN" start="2026-03-12T14:00:01.411311" elapsed="0.000063"/>
</kw>
<kw name="Evaluate" owner="BuiltIn">
<var>${new_user_spending_no}</var>
<arg>${user_spending_no}+${1}</arg>
<doc>Evaluates the given expression in Python and returns the result.</doc>
<status status="NOT RUN" start="2026-03-12T14:00:01.411610" elapsed="0.000052"/>
</kw>
<kw name="Set Global Variable" owner="BuiltIn">
<arg>${user_spending_no}</arg>
<arg>${new_user_spending_no}</arg>
<doc>Makes a variable available globally in all tests and suites.</doc>
<status status="NOT RUN" start="2026-03-12T14:00:01.411852" elapsed="0.000049"/>
</kw>
<kw name="Log To Console" owner="BuiltIn">
<arg>${user_spending_no}. ${name}: ${total_spent}</arg>
<doc>Logs the given message to the console.</doc>
<status status="NOT RUN" start="2026-03-12T14:00:01.412074" elapsed="0.000047"/>
</kw>
<kw name="Clean Total Text" owner="customers">
<var>${total_spent}</var>
<arg>${total_spent}</arg>
<status status="NOT RUN" start="2026-03-12T14:00:01.412418" elapsed="0.000054"/>
</kw>
<kw name="Calculate Total Spending" owner="customers">
<arg>${total_spent}</arg>
<status status="NOT RUN" start="2026-03-12T14:00:01.412694" elapsed="0.000052"/>
</kw>
<status status="NOT RUN" start="2026-03-12T14:00:01.410214" elapsed="0.002597"/>
</branch>
<status status="PASS" start="2026-03-12T14:00:01.410141" elapsed="0.002745"/>
</if>
<arg>${i}</arg>
<status status="PASS" start="2026-03-12T14:00:01.377652" elapsed="0.035361"/>
</kw>
<var name="${i}">15</var>
<status status="PASS" start="2026-03-12T14:00:01.377128" elapsed="0.035966"/>
</iter>
<iter>
<kw name="Display Users With Spending" owner="customers">
<kw name="Get Text" owner="SeleniumLibrary">
<msg time="2026-03-12T14:00:01.447930" level="INFO">${total_spent} = $0.00</msg>
<var>${total_spent}</var>
<arg>((//tbody//tr)[${i+1}]//td)[5]</arg>
<doc>Returns the text value of the element identified by ``locator``.</doc>
<status status="PASS" start="2026-03-12T14:00:01.414259" elapsed="0.033809"/>
</kw>
<if>
<branch type="IF" condition="'${total_spent}' != '$0.00'">
<kw name="Get Text" owner="SeleniumLibrary">
<var>${name}</var>
<arg>((//tbody//tr)[${i+1}]//td)[2]</arg>
<doc>Returns the text value of the element identified by ``locator``.</doc>
<status status="NOT RUN" start="2026-03-12T14:00:01.449045" elapsed="0.000071"/>
</kw>
<kw name="Clean Text" owner="customers">
<var>${name}</var>
<arg>${name}</arg>
<status status="NOT RUN" start="2026-03-12T14:00:01.449562" elapsed="0.000082"/>
</kw>
<kw name="Evaluate" owner="BuiltIn">
<var>${new_user_spending_no}</var>
<arg>${user_spending_no}+${1}</arg>
<doc>Evaluates the given expression in Python and returns the result.</doc>
<status status="NOT RUN" start="2026-03-12T14:00:01.449845" elapsed="0.000050"/>
</kw>
<kw name="Set Global Variable" owner="BuiltIn">
<arg>${user_spending_no}</arg>
<arg>${new_user_spending_no}</arg>
<doc>Makes a variable available globally in all tests and suites.</doc>
<status status="NOT RUN" start="2026-03-12T14:00:01.450089" elapsed="0.000050"/>
</kw>
<kw name="Log To Console" owner="BuiltIn">
<arg>${user_spending_no}. ${name}: ${total_spent}</arg>
<doc>Logs the given message to the console.</doc>
<status status="NOT RUN" start="2026-03-12T14:00:01.450310" elapsed="0.000048"/>
</kw>
<kw name="Clean Total Text" owner="customers">
<var>${total_spent}</var>
<arg>${total_spent}</arg>
<status status="NOT RUN" start="2026-03-12T14:00:01.450652" elapsed="0.000057"/>
</kw>
<kw name="Calculate Total Spending" owner="customers">
<arg>${total_spent}</arg>
<status status="NOT RUN" start="2026-03-12T14:00:01.450946" elapsed="0.000055"/>
</kw>
<status status="NOT RUN" start="2026-03-12T14:00:01.448400" elapsed="0.002665"/>
</branch>
<status status="PASS" start="2026-03-12T14:00:01.448327" elapsed="0.002824"/>
</if>
<arg>${i}</arg>
<status status="PASS" start="2026-03-12T14:00:01.413647" elapsed="0.037664"/>
</kw>
<var name="${i}">16</var>
<status status="PASS" start="2026-03-12T14:00:01.413319" elapsed="0.038201"/>
</iter>
<iter>
<kw name="Display Users With Spending" owner="customers">
<kw name="Get Text" owner="SeleniumLibrary">
<msg time="2026-03-12T14:00:01.482877" level="INFO">${total_spent} = $0.00</msg>
<var>${total_spent}</var>
<arg>((//tbody//tr)[${i+1}]//td)[5]</arg>
<doc>Returns the text value of the element identified by ``locator``.</doc>
<status status="PASS" start="2026-03-12T14:00:01.453290" elapsed="0.029721"/>
</kw>
<if>
<branch type="IF" condition="'${total_spent}' != '$0.00'">
<kw name="Get Text" owner="SeleniumLibrary">
<var>${name}</var>
<arg>((//tbody//tr)[${i+1}]//td)[2]</arg>
<doc>Returns the text value of the element identified by ``locator``.</doc>
<status status="NOT RUN" start="2026-03-12T14:00:01.483975" elapsed="0.000067"/>
</kw>
<kw name="Clean Text" owner="customers">
<var>${name}</var>
<arg>${name}</arg>
<status status="NOT RUN" start="2026-03-12T14:00:01.484469" elapsed="0.000065"/>
</kw>
<kw name="Evaluate" owner="BuiltIn">
<var>${new_user_spending_no}</var>
<arg>${user_spending_no}+${1}</arg>
<doc>Evaluates the given expression in Python and returns the result.</doc>
<status status="NOT RUN" start="2026-03-12T14:00:01.484728" elapsed="0.000050"/>
</kw>
<kw name="Set Global Variable" owner="BuiltIn">
<arg>${user_spending_no}</arg>
<arg>${new_user_spending_no}</arg>
<doc>Makes a variable available globally in all tests and suites.</doc>
<status status="NOT RUN" start="2026-03-12T14:00:01.484971" elapsed="0.000050"/>
</kw>
<kw name="Log To Console" owner="BuiltIn">
<arg>${user_spending_no}. ${name}: ${total_spent}</arg>
<doc>Logs the given message to the console.</doc>
<status status="NOT RUN" start="2026-03-12T14:00:01.485194" elapsed="0.000048"/>
</kw>
<kw name="Clean Total Text" owner="customers">
<var>${total_spent}</var>
<arg>${total_spent}</arg>
<status status="NOT RUN" start="2026-03-12T14:00:01.485528" elapsed="0.000055"/>
</kw>
<kw name="Calculate Total Spending" owner="customers">
<arg>${total_spent}</arg>
<status status="NOT RUN" start="2026-03-12T14:00:01.485854" elapsed="0.000056"/>
</kw>
<status status="NOT RUN" start="2026-03-12T14:00:01.483340" elapsed="0.002636"/>
</branch>
<status status="PASS" start="2026-03-12T14:00:01.483265" elapsed="0.002790"/>
</if>
<arg>${i}</arg>
<status status="PASS" start="2026-03-12T14:00:01.452489" elapsed="0.033711"/>
</kw>
<var name="${i}">17</var>
<status status="PASS" start="2026-03-12T14:00:01.451869" elapsed="0.034412"/>
</iter>
<iter>
<kw name="Display Users With Spending" owner="customers">
<kw name="Get Text" owner="SeleniumLibrary">
<msg time="2026-03-12T14:00:01.517739" level="INFO">${total_spent} = $468.64</msg>
<var>${total_spent}</var>
<arg>((//tbody//tr)[${i+1}]//td)[5]</arg>
<doc>Returns the text value of the element identified by ``locator``.</doc>
<status status="PASS" start="2026-03-12T14:00:01.487475" elapsed="0.030398"/>
</kw>
<if>
<branch type="IF" condition="'${total_spent}' != '$0.00'">
<kw name="Get Text" owner="SeleniumLibrary">
<msg time="2026-03-12T14:00:01.547939" level="INFO">${name} = Clark Huels</msg>
<var>${name}</var>
<arg>((//tbody//tr)[${i+1}]//td)[2]</arg>
<doc>Returns the text value of the element identified by ``locator``.</doc>
<status status="PASS" start="2026-03-12T14:00:01.518849" elapsed="0.029226"/>
</kw>
<kw name="Clean Text" owner="customers">
<if>
<branch type="IF" condition="&quot;\\n&quot; in &quot;&quot;&quot;${text}&quot;&quot;&quot;">
<kw name="Evaluate" owner="BuiltIn">
<var>${text}</var>
<arg>"""${text}""".replace("\\n","")[1:]</arg>
<doc>Evaluates the given expression in Python and returns the result.</doc>
<status status="NOT RUN" start="2026-03-12T14:00:01.549800" elapsed="0.000059"/>
</kw>
<status status="NOT RUN" start="2026-03-12T14:00:01.549380" elapsed="0.000566"/>
</branch>
<status status="PASS" start="2026-03-12T14:00:01.549334" elapsed="0.000682"/>
</if>
<kw name="Return From Keyword" owner="BuiltIn">
<msg time="2026-03-12T14:00:01.550713" level="INFO">Returning from the enclosing user keyword.</msg>
<arg>${text}</arg>
<doc>Returns from the enclosing user keyword.</doc>
<status status="PASS" start="2026-03-12T14:00:01.550187" elapsed="0.000649"/>
</kw>
<msg time="2026-03-12T14:00:01.551109" level="INFO">${name} = Clark Huels</msg>
<var>${name}</var>
<arg>${name}</arg>
<status status="PASS" start="2026-03-12T14:00:01.548750" elapsed="0.002410"/>
</kw>
<kw name="Evaluate" owner="BuiltIn">
<msg time="2026-03-12T14:00:01.552678" level="INFO">${new_user_spending_no} = 6</msg>
<var>${new_user_spending_no}</var>
<arg>${user_spending_no}+${1}</arg>
<doc>Evaluates the given expression in Python and returns the result.</doc>
<status status="PASS" start="2026-03-12T14:00:01.551359" elapsed="0.001379"/>
</kw>
<kw name="Set Global Variable" owner="BuiltIn">
<msg time="2026-03-12T14:00:01.553663" level="INFO">${user_spending_no} = 6</msg>
<arg>${user_spending_no}</arg>
<arg>${new_user_spending_no}</arg>
<doc>Makes a variable available globally in all tests and suites.</doc>
<status status="PASS" start="2026-03-12T14:00:01.552993" elapsed="0.000753"/>
</kw>
<kw name="Log To Console" owner="BuiltIn">
<arg>${user_spending_no}. ${name}: ${total_spent}</arg>
<doc>Logs the given message to the console.</doc>
<status status="PASS" start="2026-03-12T14:00:01.553949" elapsed="0.000623"/>
</kw>
<kw name="Clean Total Text" owner="customers">
<kw name="Evaluate" owner="BuiltIn">
<msg time="2026-03-12T14:00:01.556810" level="INFO">${text} = 468.64</msg>
<var>${text}</var>
<arg>"""${text}""".replace("$","")[0:]</arg>
<doc>Evaluates the given expression in Python and returns the result.</doc>
<status status="PASS" start="2026-03-12T14:00:01.555781" elapsed="0.001106"/>
</kw>
<kw name="Evaluate" owner="BuiltIn">
<msg time="2026-03-12T14:00:01.557750" level="INFO">${text} = 468.64</msg>
<var>${text}</var>
<arg>"""${text}""".replace(",","")[0:]</arg>
<doc>Evaluates the given expression in Python and returns the result.</doc>
<status status="PASS" start="2026-03-12T14:00:01.557144" elapsed="0.000661"/>
</kw>
<kw name="Evaluate" owner="BuiltIn">
<msg time="2026-03-12T14:00:01.558578" level="INFO">${text} = 468.64</msg>
<var>${text}</var>
<arg>"""${text}""".replace(" ","")[0:]</arg>
<doc>Evaluates the given expression in Python and returns the result.</doc>
<status status="PASS" start="2026-03-12T14:00:01.558013" elapsed="0.000621"/>
</kw>
<kw name="Return From Keyword" owner="BuiltIn">
<msg time="2026-03-12T14:00:01.559239" level="INFO">Returning from the enclosing user keyword.</msg>
<arg>${text}</arg>
<doc>Returns from the enclosing user keyword.</doc>
<status status="PASS" start="2026-03-12T14:00:01.558861" elapsed="0.000506"/>
</kw>
<msg time="2026-03-12T14:00:01.559710" level="INFO">${total_spent} = 468.64</msg>
<var>${total_spent}</var>
<arg>${total_spent}</arg>
<status status="PASS" start="2026-03-12T14:00:01.554959" elapsed="0.004802"/>
</kw>
<kw name="Calculate Total Spending" owner="customers">
<kw name="Evaluate" owner="BuiltIn">
<msg time="2026-03-12T14:00:01.562016" level="INFO">${new_total} = 2494.71</msg>
<var>${new_total}</var>
<arg>${total_spent}+${total_customer_spending}</arg>
<doc>Evaluates the given expression in Python and returns the result.</doc>
<status status="PASS" start="2026-03-12T14:00:01.560786" elapsed="0.001343"/>
</kw>
<kw name="Set Global Variable" owner="BuiltIn">
<msg time="2026-03-12T14:00:01.563492" level="INFO">${total_customer_spending} = 2494.71</msg>
<arg>${total_customer_spending}</arg>
<arg>${new_total}</arg>
<doc>Makes a variable available globally in all tests and suites.</doc>
<status status="PASS" start="2026-03-12T14:00:01.562558" elapsed="0.001057"/>
</kw>
<arg>${total_spent}</arg>
<status status="PASS" start="2026-03-12T14:00:01.560143" elapsed="0.003649"/>
</kw>
<status status="PASS" start="2026-03-12T14:00:01.518210" elapsed="0.045667"/>
</branch>
<status status="PASS" start="2026-03-12T14:00:01.518134" elapsed="0.045841"/>
</if>
<arg>${i}</arg>
<status status="PASS" start="2026-03-12T14:00:01.486849" elapsed="0.077222"/>
</kw>
<var name="${i}">18</var>
<status status="PASS" start="2026-03-12T14:00:01.486513" elapsed="0.077771"/>
</iter>
<iter>
<kw name="Display Users With Spending" owner="customers">
<kw name="Get Text" owner="SeleniumLibrary">
<msg time="2026-03-12T14:00:01.600298" level="INFO">${total_spent} = $0.00</msg>
<var>${total_spent}</var>
<arg>((//tbody//tr)[${i+1}]//td)[5]</arg>
<doc>Returns the text value of the element identified by ``locator``.</doc>
<status status="PASS" start="2026-03-12T14:00:01.565674" elapsed="0.034759"/>
</kw>
<if>
<branch type="IF" condition="'${total_spent}' != '$0.00'">
<kw name="Get Text" owner="SeleniumLibrary">
<var>${name}</var>
<arg>((//tbody//tr)[${i+1}]//td)[2]</arg>
<doc>Returns the text value of the element identified by ``locator``.</doc>
<status status="NOT RUN" start="2026-03-12T14:00:01.601387" elapsed="0.000066"/>
</kw>
<kw name="Clean Text" owner="customers">
<var>${name}</var>
<arg>${name}</arg>
<status status="NOT RUN" start="2026-03-12T14:00:01.602414" elapsed="0.000074"/>
</kw>
<kw name="Evaluate" owner="BuiltIn">
<var>${new_user_spending_no}</var>
<arg>${user_spending_no}+${1}</arg>
<doc>Evaluates the given expression in Python and returns the result.</doc>
<status status="NOT RUN" start="2026-03-12T14:00:01.602724" elapsed="0.000116"/>
</kw>
<kw name="Set Global Variable" owner="BuiltIn">
<arg>${user_spending_no}</arg>
<arg>${new_user_spending_no}</arg>
<doc>Makes a variable available globally in all tests and suites.</doc>
<status status="NOT RUN" start="2026-03-12T14:00:01.603123" elapsed="0.000071"/>
</kw>
<kw name="Log To Console" owner="BuiltIn">
<arg>${user_spending_no}. ${name}: ${total_spent}</arg>
<doc>Logs the given message to the console.</doc>
<status status="NOT RUN" start="2026-03-12T14:00:01.603426" elapsed="0.000062"/>
</kw>
<kw name="Clean Total Text" owner="customers">
<var>${total_spent}</var>
<arg>${total_spent}</arg>
<status status="NOT RUN" start="2026-03-12T14:00:01.603964" elapsed="0.000072"/>
</kw>
<kw name="Calculate Total Spending" owner="customers">
<arg>${total_spent}</arg>
<status status="NOT RUN" start="2026-03-12T14:00:01.604344" elapsed="0.000064"/>
</kw>
<status status="NOT RUN" start="2026-03-12T14:00:01.600773" elapsed="0.003711"/>
</branch>
<status status="PASS" start="2026-03-12T14:00:01.600699" elapsed="0.003898"/>
</if>
<arg>${i}</arg>
<status status="PASS" start="2026-03-12T14:00:01.565029" elapsed="0.039780"/>
</kw>
<var name="${i}">19</var>
<status status="PASS" start="2026-03-12T14:00:01.564540" elapsed="0.040443"/>
</iter>
<iter>
<kw name="Display Users With Spending" owner="customers">
<kw name="Get Text" owner="SeleniumLibrary">
<msg time="2026-03-12T14:00:01.634754" level="INFO">${total_spent} = $41.66</msg>
<var>${total_spent}</var>
<arg>((//tbody//tr)[${i+1}]//td)[5]</arg>
<doc>Returns the text value of the element identified by ``locator``.</doc>
<status status="PASS" start="2026-03-12T14:00:01.607069" elapsed="0.027822"/>
</kw>
<if>
<branch type="IF" condition="'${total_spent}' != '$0.00'">
<kw name="Get Text" owner="SeleniumLibrary">
<msg time="2026-03-12T14:00:01.667687" level="INFO">${name} = Florine Bogan</msg>
<var>${name}</var>
<arg>((//tbody//tr)[${i+1}]//td)[2]</arg>
<doc>Returns the text value of the element identified by ``locator``.</doc>
<status status="PASS" start="2026-03-12T14:00:01.635926" elapsed="0.031901"/>
</kw>
<kw name="Clean Text" owner="customers">
<if>
<branch type="IF" condition="&quot;\\n&quot; in &quot;&quot;&quot;${text}&quot;&quot;&quot;">
<kw name="Evaluate" owner="BuiltIn">
<var>${text}</var>
<arg>"""${text}""".replace("\\n","")[1:]</arg>
<doc>Evaluates the given expression in Python and returns the result.</doc>
<status status="NOT RUN" start="2026-03-12T14:00:01.669670" elapsed="0.000064"/>
</kw>
<status status="NOT RUN" start="2026-03-12T14:00:01.669219" elapsed="0.000620"/>
</branch>
<status status="PASS" start="2026-03-12T14:00:01.669168" elapsed="0.000744"/>
</if>
<kw name="Return From Keyword" owner="BuiltIn">
<msg time="2026-03-12T14:00:01.670651" level="INFO">Returning from the enclosing user keyword.</msg>
<arg>${text}</arg>
<doc>Returns from the enclosing user keyword.</doc>
<status status="PASS" start="2026-03-12T14:00:01.670084" elapsed="0.000699"/>
</kw>
<msg time="2026-03-12T14:00:01.671082" level="INFO">${name} = Florine Bogan</msg>
<var>${name}</var>
<arg>${name}</arg>
<status status="PASS" start="2026-03-12T14:00:01.668505" elapsed="0.002630"/>
</kw>
<kw name="Evaluate" owner="BuiltIn">
<msg time="2026-03-12T14:00:01.672777" level="INFO">${new_user_spending_no} = 7</msg>
<var>${new_user_spending_no}</var>
<arg>${user_spending_no}+${1}</arg>
<doc>Evaluates the given expression in Python and returns the result.</doc>
<status status="PASS" start="2026-03-12T14:00:01.671381" elapsed="0.001455"/>
</kw>
<kw name="Set Global Variable" owner="BuiltIn">
<msg time="2026-03-12T14:00:01.673798" level="INFO">${user_spending_no} = 7</msg>
<arg>${user_spending_no}</arg>
<arg>${new_user_spending_no}</arg>
<doc>Makes a variable available globally in all tests and suites.</doc>
<status status="PASS" start="2026-03-12T14:00:01.673099" elapsed="0.000791"/>
</kw>
<kw name="Log To Console" owner="BuiltIn">
<arg>${user_spending_no}. ${name}: ${total_spent}</arg>
<doc>Logs the given message to the console.</doc>
<status status="PASS" start="2026-03-12T14:00:01.674131" elapsed="0.000685"/>
</kw>
<kw name="Clean Total Text" owner="customers">
<kw name="Evaluate" owner="BuiltIn">
<msg time="2026-03-12T14:00:01.676847" level="INFO">${text} = 41.66</msg>
<var>${text}</var>
<arg>"""${text}""".replace("$","")[0:]</arg>
<doc>Evaluates the given expression in Python and returns the result.</doc>
<status status="PASS" start="2026-03-12T14:00:01.675900" elapsed="0.001027"/>
</kw>
<kw name="Evaluate" owner="BuiltIn">
<msg time="2026-03-12T14:00:01.677956" level="INFO">${text} = 41.66</msg>
<var>${text}</var>
<arg>"""${text}""".replace(",","")[0:]</arg>
<doc>Evaluates the given expression in Python and returns the result.</doc>
<status status="PASS" start="2026-03-12T14:00:01.677215" elapsed="0.000807"/>
</kw>
<kw name="Evaluate" owner="BuiltIn">
<msg time="2026-03-12T14:00:01.678882" level="INFO">${text} = 41.66</msg>
<var>${text}</var>
<arg>"""${text}""".replace(" ","")[0:]</arg>
<doc>Evaluates the given expression in Python and returns the result.</doc>
<status status="PASS" start="2026-03-12T14:00:01.678278" elapsed="0.000658"/>
</kw>
<kw name="Return From Keyword" owner="BuiltIn">
<msg time="2026-03-12T14:00:01.679546" level="INFO">Returning from the enclosing user keyword.</msg>
<arg>${text}</arg>
<doc>Returns from the enclosing user keyword.</doc>
<status status="PASS" start="2026-03-12T14:00:01.679164" elapsed="0.000519"/>
</kw>
<msg time="2026-03-12T14:00:01.679976" level="INFO">${total_spent} = 41.66</msg>
<var>${total_spent}</var>
<arg>${total_spent}</arg>
<status status="PASS" start="2026-03-12T14:00:01.675215" elapsed="0.004811"/>
</kw>
<kw name="Calculate Total Spending" owner="customers">
<kw name="Evaluate" owner="BuiltIn">
<msg time="2026-03-12T14:00:01.682340" level="INFO">${new_total} = 2536.37</msg>
<var>${new_total}</var>
<arg>${total_spent}+${total_customer_spending}</arg>
<doc>Evaluates the given expression in Python and returns the result.</doc>
<status status="PASS" start="2026-03-12T14:00:01.681076" elapsed="0.001381"/>
</kw>
<kw name="Set Global Variable" owner="BuiltIn">
<msg time="2026-03-12T14:00:01.683939" level="INFO">${total_customer_spending} = 2536.37</msg>
<arg>${total_customer_spending}</arg>
<arg>${new_total}</arg>
<doc>Makes a variable available globally in all tests and suites.</doc>
<status status="PASS" start="2026-03-12T14:00:01.682890" elapsed="0.001189"/>
</kw>
<arg>${total_spent}</arg>
<status status="PASS" start="2026-03-12T14:00:01.680365" elapsed="0.003932"/>
</kw>
<status status="PASS" start="2026-03-12T14:00:01.635221" elapsed="0.049160"/>
</branch>
<status status="PASS" start="2026-03-12T14:00:01.635148" elapsed="0.049327"/>
</if>
<arg>${i}</arg>
<status status="PASS" start="2026-03-12T14:00:01.606104" elapsed="0.078470"/>
</kw>
<var name="${i}">20</var>
<status status="PASS" start="2026-03-12T14:00:01.605381" elapsed="0.079417"/>
</iter>
<iter>
<kw name="Display Users With Spending" owner="customers">
<kw name="Get Text" owner="SeleniumLibrary">
<msg time="2026-03-12T14:00:01.722352" level="INFO">${total_spent} = $0.00</msg>
<var>${total_spent}</var>
<arg>((//tbody//tr)[${i+1}]//td)[5]</arg>
<doc>Returns the text value of the element identified by ``locator``.</doc>
<status status="PASS" start="2026-03-12T14:00:01.686690" elapsed="0.035848"/>
</kw>
<if>
<branch type="IF" condition="'${total_spent}' != '$0.00'">
<kw name="Get Text" owner="SeleniumLibrary">
<var>${name}</var>
<arg>((//tbody//tr)[${i+1}]//td)[2]</arg>
<doc>Returns the text value of the element identified by ``locator``.</doc>
<status status="NOT RUN" start="2026-03-12T14:00:01.723833" elapsed="0.000071"/>
</kw>
<kw name="Clean Text" owner="customers">
<var>${name}</var>
<arg>${name}</arg>
<status status="NOT RUN" start="2026-03-12T14:00:01.724361" elapsed="0.000065"/>
</kw>
<kw name="Evaluate" owner="BuiltIn">
<var>${new_user_spending_no}</var>
<arg>${user_spending_no}+${1}</arg>
<doc>Evaluates the given expression in Python and returns the result.</doc>
<status status="NOT RUN" start="2026-03-12T14:00:01.724650" elapsed="0.000052"/>
</kw>
<kw name="Set Global Variable" owner="BuiltIn">
<arg>${user_spending_no}</arg>
<arg>${new_user_spending_no}</arg>
<doc>Makes a variable available globally in all tests and suites.</doc>
<status status="NOT RUN" start="2026-03-12T14:00:01.724897" elapsed="0.000050"/>
</kw>
<kw name="Log To Console" owner="BuiltIn">
<arg>${user_spending_no}. ${name}: ${total_spent}</arg>
<doc>Logs the given message to the console.</doc>
<status status="NOT RUN" start="2026-03-12T14:00:01.725523" elapsed="0.000051"/>
</kw>
<kw name="Clean Total Text" owner="customers">
<var>${total_spent}</var>
<arg>${total_spent}</arg>
<status status="NOT RUN" start="2026-03-12T14:00:01.725850" elapsed="0.000057"/>
</kw>
<kw name="Calculate Total Spending" owner="customers">
<arg>${total_spent}</arg>
<status status="NOT RUN" start="2026-03-12T14:00:01.726134" elapsed="0.000054"/>
</kw>
<status status="NOT RUN" start="2026-03-12T14:00:01.723020" elapsed="0.003232"/>
</branch>
<status status="PASS" start="2026-03-12T14:00:01.722909" elapsed="0.003422"/>
</if>
<arg>${i}</arg>
<status status="PASS" start="2026-03-12T14:00:01.685697" elapsed="0.040770"/>
</kw>
<var name="${i}">21</var>
<status status="PASS" start="2026-03-12T14:00:01.685072" elapsed="0.041473"/>
</iter>
<iter>
<kw name="Display Users With Spending" owner="customers">
<kw name="Get Text" owner="SeleniumLibrary">
<msg time="2026-03-12T14:00:01.756656" level="INFO">${total_spent} = $711.08</msg>
<var>${total_spent}</var>
<arg>((//tbody//tr)[${i+1}]//td)[5]</arg>
<doc>Returns the text value of the element identified by ``locator``.</doc>
<status status="PASS" start="2026-03-12T14:00:01.727741" elapsed="0.029047"/>
</kw>
<if>
<branch type="IF" condition="'${total_spent}' != '$0.00'">
<kw name="Get Text" owner="SeleniumLibrary">
<msg time="2026-03-12T14:00:01.787174" level="INFO">${name} = Wilton Hagenes</msg>
<var>${name}</var>
<arg>((//tbody//tr)[${i+1}]//td)[2]</arg>
<doc>Returns the text value of the element identified by ``locator``.</doc>
<status status="PASS" start="2026-03-12T14:00:01.757714" elapsed="0.029597"/>
</kw>
<kw name="Clean Text" owner="customers">
<if>
<branch type="IF" condition="&quot;\\n&quot; in &quot;&quot;&quot;${text}&quot;&quot;&quot;">
<kw name="Evaluate" owner="BuiltIn">
<var>${text}</var>
<arg>"""${text}""".replace("\\n","")[1:]</arg>
<doc>Evaluates the given expression in Python and returns the result.</doc>
<status status="NOT RUN" start="2026-03-12T14:00:01.789180" elapsed="0.000065"/>
</kw>
<status status="NOT RUN" start="2026-03-12T14:00:01.788716" elapsed="0.000639"/>
</branch>
<status status="PASS" start="2026-03-12T14:00:01.788667" elapsed="0.000764"/>
</if>
<kw name="Return From Keyword" owner="BuiltIn">
<msg time="2026-03-12T14:00:01.790177" level="INFO">Returning from the enclosing user keyword.</msg>
<arg>${text}</arg>
<doc>Returns from the enclosing user keyword.</doc>
<status status="PASS" start="2026-03-12T14:00:01.789606" elapsed="0.000702"/>
</kw>
<msg time="2026-03-12T14:00:01.790598" level="INFO">${name} = Wilton Hagenes</msg>
<var>${name}</var>
<arg>${name}</arg>
<status status="PASS" start="2026-03-12T14:00:01.788026" elapsed="0.002622"/>
</kw>
<kw name="Evaluate" owner="BuiltIn">
<msg time="2026-03-12T14:00:01.792137" level="INFO">${new_user_spending_no} = 8</msg>
<var>${new_user_spending_no}</var>
<arg>${user_spending_no}+${1}</arg>
<doc>Evaluates the given expression in Python and returns the result.</doc>
<status status="PASS" start="2026-03-12T14:00:01.790848" elapsed="0.001363"/>
</kw>
<kw name="Set Global Variable" owner="BuiltIn">
<msg time="2026-03-12T14:00:01.793259" level="INFO">${user_spending_no} = 8</msg>
<arg>${user_spending_no}</arg>
<arg>${new_user_spending_no}</arg>
<doc>Makes a variable available globally in all tests and suites.</doc>
<status status="PASS" start="2026-03-12T14:00:01.792522" elapsed="0.000822"/>
</kw>
<kw name="Log To Console" owner="BuiltIn">
<arg>${user_spending_no}. ${name}: ${total_spent}</arg>
<doc>Logs the given message to the console.</doc>
<status status="PASS" start="2026-03-12T14:00:01.793551" elapsed="0.000636"/>
</kw>
<kw name="Clean Total Text" owner="customers">
<kw name="Evaluate" owner="BuiltIn">
<msg time="2026-03-12T14:00:01.795987" level="INFO">${text} = 711.08</msg>
<var>${text}</var>
<arg>"""${text}""".replace("$","")[0:]</arg>
<doc>Evaluates the given expression in Python and returns the result.</doc>
<status status="PASS" start="2026-03-12T14:00:01.795092" elapsed="0.000975"/>
</kw>
<kw name="Evaluate" owner="BuiltIn">
<msg time="2026-03-12T14:00:01.797087" level="INFO">${text} = 711.08</msg>
<var>${text}</var>
<arg>"""${text}""".replace(",","")[0:]</arg>
<doc>Evaluates the given expression in Python and returns the result.</doc>
<status status="PASS" start="2026-03-12T14:00:01.796368" elapsed="0.000776"/>
</kw>
<kw name="Evaluate" owner="BuiltIn">
<msg time="2026-03-12T14:00:01.797916" level="INFO">${text} = 711.08</msg>
<var>${text}</var>
<arg>"""${text}""".replace(" ","")[0:]</arg>
<doc>Evaluates the given expression in Python and returns the result.</doc>
<status status="PASS" start="2026-03-12T14:00:01.797353" elapsed="0.000615"/>
</kw>
<kw name="Return From Keyword" owner="BuiltIn">
<msg time="2026-03-12T14:00:01.798560" level="INFO">Returning from the enclosing user keyword.</msg>
<arg>${text}</arg>
<doc>Returns from the enclosing user keyword.</doc>
<status status="PASS" start="2026-03-12T14:00:01.798192" elapsed="0.000492"/>
</kw>
<msg time="2026-03-12T14:00:01.798991" level="INFO">${total_spent} = 711.08</msg>
<var>${total_spent}</var>
<arg>${total_spent}</arg>
<status status="PASS" start="2026-03-12T14:00:01.794527" elapsed="0.004512"/>
</kw>
<kw name="Calculate Total Spending" owner="customers">
<kw name="Evaluate" owner="BuiltIn">
<msg time="2026-03-12T14:00:01.800731" level="INFO">${new_total} = 3247.45</msg>
<var>${new_total}</var>
<arg>${total_spent}+${total_customer_spending}</arg>
<doc>Evaluates the given expression in Python and returns the result.</doc>
<status status="PASS" start="2026-03-12T14:00:01.799938" elapsed="0.000881"/>
</kw>
<kw name="Set Global Variable" owner="BuiltIn">
<msg time="2026-03-12T14:00:01.802439" level="INFO">${total_customer_spending} = 3247.45</msg>
<arg>${total_customer_spending}</arg>
<arg>${new_total}</arg>
<doc>Makes a variable available globally in all tests and suites.</doc>
<status status="PASS" start="2026-03-12T14:00:01.801236" elapsed="0.001354"/>
</kw>
<arg>${total_spent}</arg>
<status status="PASS" start="2026-03-12T14:00:01.799356" elapsed="0.003460"/>
</kw>
<status status="PASS" start="2026-03-12T14:00:01.757110" elapsed="0.045787"/>
</branch>
<status status="PASS" start="2026-03-12T14:00:01.757036" elapsed="0.045956"/>
</if>
<arg>${i}</arg>
<status status="PASS" start="2026-03-12T14:00:01.727099" elapsed="0.075994"/>
</kw>
<var name="${i}">22</var>
<status status="PASS" start="2026-03-12T14:00:01.726773" elapsed="0.076539"/>
</iter>
<iter>
<kw name="Display Users With Spending" owner="customers">
<kw name="Get Text" owner="SeleniumLibrary">
<msg time="2026-03-12T14:00:01.837100" level="INFO">${total_spent} = $0.00</msg>
<var>${total_spent}</var>
<arg>((//tbody//tr)[${i+1}]//td)[5]</arg>
<doc>Returns the text value of the element identified by ``locator``.</doc>
<status status="PASS" start="2026-03-12T14:00:01.804834" elapsed="0.032453"/>
</kw>
<if>
<branch type="IF" condition="'${total_spent}' != '$0.00'">
<kw name="Get Text" owner="SeleniumLibrary">
<var>${name}</var>
<arg>((//tbody//tr)[${i+1}]//td)[2]</arg>
<doc>Returns the text value of the element identified by ``locator``.</doc>
<status status="NOT RUN" start="2026-03-12T14:00:01.838816" elapsed="0.000192"/>
</kw>
<kw name="Clean Text" owner="customers">
<var>${name}</var>
<arg>${name}</arg>
<status status="NOT RUN" start="2026-03-12T14:00:01.840009" elapsed="0.000189"/>
</kw>
<kw name="Evaluate" owner="BuiltIn">
<var>${new_user_spending_no}</var>
<arg>${user_spending_no}+${1}</arg>
<doc>Evaluates the given expression in Python and returns the result.</doc>
<status status="NOT RUN" start="2026-03-12T14:00:01.840537" elapsed="0.000056"/>
</kw>
<kw name="Set Global Variable" owner="BuiltIn">
<arg>${user_spending_no}</arg>
<arg>${new_user_spending_no}</arg>
<doc>Makes a variable available globally in all tests and suites.</doc>
<status status="NOT RUN" start="2026-03-12T14:00:01.840797" elapsed="0.000051"/>
</kw>
<kw name="Log To Console" owner="BuiltIn">
<arg>${user_spending_no}. ${name}: ${total_spent}</arg>
<doc>Logs the given message to the console.</doc>
<status status="NOT RUN" start="2026-03-12T14:00:01.841260" elapsed="0.000058"/>
</kw>
<kw name="Clean Total Text" owner="customers">
<var>${total_spent}</var>
<arg>${total_spent}</arg>
<status status="NOT RUN" start="2026-03-12T14:00:01.842102" elapsed="0.000061"/>
</kw>
<kw name="Calculate Total Spending" owner="customers">
<arg>${total_spent}</arg>
<status status="NOT RUN" start="2026-03-12T14:00:01.842384" elapsed="0.000054"/>
</kw>
<status status="NOT RUN" start="2026-03-12T14:00:01.837736" elapsed="0.004768"/>
</branch>
<status status="PASS" start="2026-03-12T14:00:01.837629" elapsed="0.004961"/>
</if>
<arg>${i}</arg>
<status status="PASS" start="2026-03-12T14:00:01.804152" elapsed="0.038591"/>
</kw>
<var name="${i}">23</var>
<status status="PASS" start="2026-03-12T14:00:01.803608" elapsed="0.039214"/>
</iter>
<iter>
<kw name="Display Users With Spending" owner="customers">
<kw name="Get Text" owner="SeleniumLibrary">
<msg time="2026-03-12T14:00:01.873526" level="INFO">${total_spent} = $0.00</msg>
<var>${total_spent}</var>
<arg>((//tbody//tr)[${i+1}]//td)[5]</arg>
<doc>Returns the text value of the element identified by ``locator``.</doc>
<status status="PASS" start="2026-03-12T14:00:01.844095" elapsed="0.029762"/>
</kw>
<if>
<branch type="IF" condition="'${total_spent}' != '$0.00'">
<kw name="Get Text" owner="SeleniumLibrary">
<var>${name}</var>
<arg>((//tbody//tr)[${i+1}]//td)[2]</arg>
<doc>Returns the text value of the element identified by ``locator``.</doc>
<status status="NOT RUN" start="2026-03-12T14:00:01.874804" elapsed="0.000064"/>
</kw>
<kw name="Clean Text" owner="customers">
<var>${name}</var>
<arg>${name}</arg>
<status status="NOT RUN" start="2026-03-12T14:00:01.875295" elapsed="0.000065"/>
</kw>
<kw name="Evaluate" owner="BuiltIn">
<var>${new_user_spending_no}</var>
<arg>${user_spending_no}+${1}</arg>
<doc>Evaluates the given expression in Python and returns the result.</doc>
<status status="NOT RUN" start="2026-03-12T14:00:01.875580" elapsed="0.000052"/>
</kw>
<kw name="Set Global Variable" owner="BuiltIn">
<arg>${user_spending_no}</arg>
<arg>${new_user_spending_no}</arg>
<doc>Makes a variable available globally in all tests and suites.</doc>
<status status="NOT RUN" start="2026-03-12T14:00:01.875826" elapsed="0.000049"/>
</kw>
<kw name="Log To Console" owner="BuiltIn">
<arg>${user_spending_no}. ${name}: ${total_spent}</arg>
<doc>Logs the given message to the console.</doc>
<status status="NOT RUN" start="2026-03-12T14:00:01.876047" elapsed="0.000048"/>
</kw>
<kw name="Clean Total Text" owner="customers">
<var>${total_spent}</var>
<arg>${total_spent}</arg>
<status status="NOT RUN" start="2026-03-12T14:00:01.876372" elapsed="0.000055"/>
</kw>
<kw name="Calculate Total Spending" owner="customers">
<arg>${total_spent}</arg>
<status status="NOT RUN" start="2026-03-12T14:00:01.876677" elapsed="0.000054"/>
</kw>
<status status="NOT RUN" start="2026-03-12T14:00:01.874185" elapsed="0.002613"/>
</branch>
<status status="PASS" start="2026-03-12T14:00:01.874111" elapsed="0.002762"/>
</if>
<arg>${i}</arg>
<status status="PASS" start="2026-03-12T14:00:01.843402" elapsed="0.033606"/>
</kw>
<var name="${i}">24</var>
<status status="PASS" start="2026-03-12T14:00:01.843066" elapsed="0.034025"/>
</iter>
<var>${i}</var>
<value>25</value>
<status status="PASS" start="2026-03-12T14:00:00.532521" elapsed="1.344670"/>
</for>
<kw name="Display Total Spending" owner="customers">
<kw name="Evaluate" owner="BuiltIn">
<msg time="2026-03-12T14:00:01.879415" level="INFO">${total_customer_spending} = 3247.45</msg>
<var>${total_customer_spending}</var>
<arg>f"{${total_customer_spending}:.2f}"</arg>
<doc>Evaluates the given expression in Python and returns the result.</doc>
<status status="PASS" start="2026-03-12T14:00:01.878451" elapsed="0.001037"/>
</kw>
<kw name="Log To Console" owner="BuiltIn">
<arg>\n===================================</arg>
<doc>Logs the given message to the console.</doc>
<status status="PASS" start="2026-03-12T14:00:01.879841" elapsed="0.000643"/>
</kw>
<kw name="Log To Console" owner="BuiltIn">
<arg>Total Customer Spending: $${total_customer_spending}</arg>
<doc>Logs the given message to the console.</doc>
<status status="PASS" start="2026-03-12T14:00:01.880707" elapsed="0.000572"/>
</kw>
<kw name="Log To Console" owner="BuiltIn">
<arg>===================================</arg>
<doc>Logs the given message to the console.</doc>
<status status="PASS" start="2026-03-12T14:00:01.881507" elapsed="0.000680"/>
</kw>
<kw name="Validate Total Spending" owner="customers">
<if>
<branch type="IF" condition="${total_customer_spending}&lt;3500.00">
<kw name="Log To Console" owner="BuiltIn">
<arg>FAIL: Total Spending ($${total_customer_spending}) is below minimum threshold ($3,500).\n</arg>
<doc>Logs the given message to the console.</doc>
<status status="PASS" start="2026-03-12T14:00:01.883665" elapsed="0.001010"/>
</kw>
<status status="PASS" start="2026-03-12T14:00:01.883245" elapsed="0.001649"/>
</branch>
<branch type="ELSE">
<kw name="Log To Console" owner="BuiltIn">
<arg>PASS: Total Spending ($${total_customer_spending}) meets minimum threshold ($3,500).\n</arg>
<doc>Logs the given message to the console.</doc>
<status status="NOT RUN" start="2026-03-12T14:00:01.885352" elapsed="0.000065"/>
</kw>
<status status="NOT RUN" start="2026-03-12T14:00:01.884993" elapsed="0.000501"/>
</branch>
<status status="PASS" start="2026-03-12T14:00:01.883201" elapsed="0.002349"/>
</if>
<arg>${total_customer_spending}</arg>
<status status="PASS" start="2026-03-12T14:00:01.882650" elapsed="0.003038"/>
</kw>
<kw name="Set Global Variable" owner="BuiltIn">
<msg time="2026-03-12T14:00:01.887677" level="INFO">${total_customer_spending} = 0</msg>
<arg>${total_customer_spending}</arg>
<arg>${0}</arg>
<doc>Makes a variable available globally in all tests and suites.</doc>
<status status="PASS" start="2026-03-12T14:00:01.886129" elapsed="0.001669"/>
</kw>
<status status="PASS" start="2026-03-12T14:00:01.877614" elapsed="0.010369"/>
</kw>
<doc>ANALYZE USER SPENDING</doc>
<status status="PASS" start="2026-03-12T13:59:57.418224" elapsed="4.470148"/>
</test>
<status status="PASS" start="2026-03-12T13:59:52.312165" elapsed="9.577197"/>
</suite>
<statistics>
<total>
<stat pass="1" fail="0" skip="0">All Tests</stat>
</total>
<tag>
</tag>
<suite>
<stat name="Test" id="s1" pass="1" fail="0" skip="0">Test</stat>
</suite>
</statistics>
<errors>
</errors>
</robot>
